0 verbose cli /usr/local/bin/node /usr/local/bin/npm
1 info using npm@11.6.2
2 info using node@v24.11.1
3 silly config load:file:/usr/local/lib/node_modules/npm/npmrc
4 silly config load:file:/Users/asadullah/Desktop/stackoceansai/.npmrc
5 silly config load:file:/Users/asadullah/.npmrc
6 silly config load:file:/usr/local/etc/npmrc
7 verbose title npm install vite @vitejs/plugin-react
8 verbose argv "install" "--save-dev" "vite" "@vitejs/plugin-react"
9 verbose logfile logs-max:10 dir:/Users/asadullah/Desktop/stackoceansai/.npm-cache/_logs/2025-12-11T13_39_54_739Z-
10 verbose logfile /Users/asadullah/Desktop/stackoceansai/.npm-cache/_logs/2025-12-11T13_39_54_739Z-debug-0.log
11 silly logfile done cleaning log files
12 silly packumentCache heap:4496293888 maxSize:1124073472 maxEntrySize:562036736
13 silly idealTree buildDeps
14 silly fetch manifest vite@*
15 silly packumentCache full:https://registry.npmjs.org/vite cache-miss
16 http fetch GET 200 https://registry.npmjs.org/vite 17154ms (cache miss)
17 silly packumentCache full:https://registry.npmjs.org/vite set size:undefined disposed:false
18 silly fetch manifest @types/node@^20.19.0 || >=22.12.0
19 silly packumentCache full:https://registry.npmjs.org/@types%2fnode cache-miss
20 http fetch GET 200 https://registry.npmjs.org/@types%2fnode 4709ms (cache miss)
21 silly packumentCache full:https://registry.npmjs.org/@types%2fnode set size:undefined disposed:false
22 silly fetch manifest jiti@>=1.21.0
23 silly packumentCache full:https://registry.npmjs.org/jiti cache-miss
24 http fetch GET 200 https://registry.npmjs.org/jiti 399ms (cache miss)
25 silly packumentCache full:https://registry.npmjs.org/jiti set size:undefined disposed:false
26 silly fetch manifest less@^4.0.0
27 silly packumentCache full:https://registry.npmjs.org/less cache-miss
28 http fetch GET 200 https://registry.npmjs.org/less 699ms (cache miss)
29 silly packumentCache full:https://registry.npmjs.org/less set size:undefined disposed:false
30 silly fetch manifest lightningcss@^1.21.0
31 silly packumentCache full:https://registry.npmjs.org/lightningcss cache-miss
32 http fetch GET 200 https://registry.npmjs.org/lightningcss 338ms (cache miss)
33 silly packumentCache full:https://registry.npmjs.org/lightningcss set size:undefined disposed:false
34 silly fetch manifest sass@^1.70.0
35 silly packumentCache full:https://registry.npmjs.org/sass cache-miss
36 http fetch GET 200 https://registry.npmjs.org/sass 914ms (cache miss)
37 silly packumentCache full:https://registry.npmjs.org/sass set size:undefined disposed:false
38 silly fetch manifest sass-embedded@^1.70.0
39 silly packumentCache full:https://registry.npmjs.org/sass-embedded cache-miss
40 http fetch GET 200 https://registry.npmjs.org/sass-embedded 365ms (cache miss)
41 silly packumentCache full:https://registry.npmjs.org/sass-embedded set size:undefined disposed:false
42 silly fetch manifest stylus@>=0.54.8
43 silly packumentCache full:https://registry.npmjs.org/stylus cache-miss
44 http fetch GET 200 https://registry.npmjs.org/stylus 294ms (cache miss)
45 silly packumentCache full:https://registry.npmjs.org/stylus set size:undefined disposed:false
46 silly fetch manifest sugarss@^5.0.0
47 silly packumentCache full:https://registry.npmjs.org/sugarss cache-miss
48 http fetch GET 200 https://registry.npmjs.org/sugarss 722ms (cache miss)
49 silly packumentCache full:https://registry.npmjs.org/sugarss set size:undefined disposed:false
50 silly fetch manifest postcss@^8.3.3
51 silly packumentCache full:https://registry.npmjs.org/postcss cache-miss
52 http fetch GET 200 https://registry.npmjs.org/postcss 827ms (cache miss)
53 silly packumentCache full:https://registry.npmjs.org/postcss set size:undefined disposed:false
54 silly fetch manifest terser@^5.16.0
55 silly packumentCache full:https://registry.npmjs.org/terser cache-miss
56 http fetch GET 200 https://registry.npmjs.org/terser 707ms (cache miss)
57 silly packumentCache full:https://registry.npmjs.org/terser set size:undefined disposed:false
58 silly fetch manifest tsx@^4.8.1
59 silly packumentCache full:https://registry.npmjs.org/tsx cache-miss
60 http fetch GET 200 https://registry.npmjs.org/tsx 285ms (cache miss)
61 silly packumentCache full:https://registry.npmjs.org/tsx set size:undefined disposed:false
62 silly fetch manifest yaml@^2.4.2
63 silly packumentCache full:https://registry.npmjs.org/yaml cache-miss
64 http fetch GET 200 https://registry.npmjs.org/yaml 577ms (cache miss)
65 silly packumentCache full:https://registry.npmjs.org/yaml set size:undefined disposed:false
66 silly fetch manifest @vitejs/plugin-react@*
67 silly packumentCache full:https://registry.npmjs.org/@vitejs%2fplugin-react cache-miss
68 http fetch GET 200 https://registry.npmjs.org/@vitejs%2fplugin-react 535ms (cache miss)
69 silly packumentCache full:https://registry.npmjs.org/@vitejs%2fplugin-react set size:undefined disposed:false
70 silly placeDep ROOT @vitejs/plugin-react@5.1.2 OK for: stackoceansai@1.0.0 want: *
71 silly placeDep ROOT vite@7.2.7 OK for: @vitejs/plugin-react@5.1.2 want: ^4.2.0 || ^5.0.0 || ^6.0.0 || ^7.0.0
72 silly placeDep ROOT vite@7.2.7 REPLACE for: stackoceansai@1.0.0 want: *
73 silly fetch manifest @babel/core@^7.28.5
74 silly packumentCache full:https://registry.npmjs.org/@babel%2fcore cache-miss
75 silly fetch manifest @babel/plugin-transform-react-jsx-self@^7.27.1
76 silly packumentCache full:https://registry.npmjs.org/@babel%2fplugin-transform-react-jsx-self cache-miss
77 silly fetch manifest @babel/plugin-transform-react-jsx-source@^7.27.1
78 silly packumentCache full:https://registry.npmjs.org/@babel%2fplugin-transform-react-jsx-source cache-miss
79 http fetch GET 200 https://registry.npmjs.org/@babel%2fcore 856ms (cache miss)
80 silly packumentCache full:https://registry.npmjs.org/@babel%2fcore set size:undefined disposed:false
81 silly fetch manifest @rolldown/pluginutils@1.0.0-beta.53
82 silly packumentCache full:https://registry.npmjs.org/@rolldown%2fpluginutils cache-miss
83 http fetch GET 200 https://registry.npmjs.org/@babel%2fplugin-transform-react-jsx-source 949ms (cache miss)
84 silly packumentCache full:https://registry.npmjs.org/@babel%2fplugin-transform-react-jsx-source set size:undefined disposed:false
85 silly fetch manifest @types/babel__core@^7.20.5
86 silly packumentCache full:https://registry.npmjs.org/@types%2fbabel__core cache-miss
87 http fetch GET 200 https://registry.npmjs.org/@types%2fbabel__core 290ms (cache miss)
88 silly packumentCache full:https://registry.npmjs.org/@types%2fbabel__core set size:undefined disposed:false
89 silly fetch manifest react-refresh@^0.18.0
90 silly packumentCache full:https://registry.npmjs.org/react-refresh cache-miss
91 http fetch GET 200 https://registry.npmjs.org/@babel%2fplugin-transform-react-jsx-self 1272ms (cache miss)
92 silly packumentCache full:https://registry.npmjs.org/@babel%2fplugin-transform-react-jsx-self set size:undefined disposed:false
93 silly fetch manifest fdir@^6.5.0
94 silly packumentCache full:https://registry.npmjs.org/fdir cache-miss
95 http fetch GET 200 https://registry.npmjs.org/@rolldown%2fpluginutils 492ms (cache miss)
96 silly packumentCache full:https://registry.npmjs.org/@rolldown%2fpluginutils set size:undefined disposed:false
97 silly fetch manifest rollup@^4.43.0
98 silly packumentCache full:https://registry.npmjs.org/rollup cache-miss
99 http fetch GET 200 https://registry.npmjs.org/fdir 549ms (cache miss)
100 silly packumentCache full:https://registry.npmjs.org/fdir set size:undefined disposed:false
101 silly fetch manifest esbuild@^0.25.0
102 silly packumentCache full:https://registry.npmjs.org/esbuild cache-miss
103 http fetch GET 200 https://registry.npmjs.org/esbuild 4241ms (cache miss)
104 silly packumentCache full:https://registry.npmjs.org/esbuild set size:undefined disposed:false
105 silly fetch manifest postcss@^8.5.6
106 silly packumentCache full:https://registry.npmjs.org/postcss cache-miss
107 http cache https://registry.npmjs.org/postcss 21ms (cache hit)
108 silly packumentCache full:https://registry.npmjs.org/postcss set size:696248 disposed:false
109 silly fetch manifest picomatch@^4.0.3
110 silly packumentCache full:https://registry.npmjs.org/picomatch cache-miss
111 http fetch GET 200 https://registry.npmjs.org/react-refresh 4890ms (cache miss)
112 silly packumentCache full:https://registry.npmjs.org/react-refresh set size:undefined disposed:false
113 silly fetch manifest tinyglobby@^0.2.15
114 silly packumentCache full:https://registry.npmjs.org/tinyglobby cache-miss
115 http fetch GET 200 https://registry.npmjs.org/tinyglobby 78ms (cache miss)
116 silly packumentCache full:https://registry.npmjs.org/tinyglobby set size:undefined disposed:false
117 silly fetch manifest fsevents@~2.3.3
118 silly packumentCache full:https://registry.npmjs.org/fsevents cache-miss
119 http fetch GET 200 https://registry.npmjs.org/picomatch 181ms (cache miss)
120 silly packumentCache full:https://registry.npmjs.org/picomatch set size:undefined disposed:false
121 silly fetch manifest rollup@^4.43.0
122 silly packumentCache full:https://registry.npmjs.org/rollup cache-miss
123 http fetch GET 200 https://registry.npmjs.org/fsevents 139ms (cache miss)
124 silly packumentCache full:https://registry.npmjs.org/fsevents set size:undefined disposed:false
125 http fetch GET 200 https://registry.npmjs.org/rollup 5694ms (cache miss)
126 silly packumentCache full:https://registry.npmjs.org/rollup set size:undefined disposed:false
127 http fetch GET 200 https://registry.npmjs.org/rollup 1699ms (cache miss)
128 silly packumentCache full:https://registry.npmjs.org/rollup set size:undefined disposed:false
129 silly placeDep ROOT @babel/core@7.28.5 OK for: @vitejs/plugin-react@5.1.2 want: ^7.28.5
130 silly placeDep ROOT @babel/plugin-transform-react-jsx-self@7.27.1 OK for: @vitejs/plugin-react@5.1.2 want: ^7.27.1
131 silly placeDep ROOT @babel/plugin-transform-react-jsx-source@7.27.1 OK for: @vitejs/plugin-react@5.1.2 want: ^7.27.1
132 silly placeDep ROOT @rolldown/pluginutils@1.0.0-beta.53 OK for: @vitejs/plugin-react@5.1.2 want: 1.0.0-beta.53
133 silly placeDep ROOT @types/babel__core@7.20.5 OK for: @vitejs/plugin-react@5.1.2 want: ^7.20.5
134 silly placeDep ROOT react-refresh@0.18.0 OK for: @vitejs/plugin-react@5.1.2 want: ^0.18.0
135 silly fetch manifest @babel/code-frame@^7.27.1
136 silly packumentCache full:https://registry.npmjs.org/@babel%2fcode-frame cache-miss
137 silly fetch manifest @babel/generator@^7.28.5
138 silly packumentCache full:https://registry.npmjs.org/@babel%2fgenerator cache-miss
139 silly fetch manifest @babel/helper-compilation-targets@^7.27.2
140 silly packumentCache full:https://registry.npmjs.org/@babel%2fhelper-compilation-targets cache-miss
141 http fetch GET 200 https://registry.npmjs.org/@babel%2fhelper-compilation-targets 287ms (cache miss)
142 silly packumentCache full:https://registry.npmjs.org/@babel%2fhelper-compilation-targets set size:undefined disposed:false
143 silly fetch manifest @babel/helper-module-transforms@^7.28.3
144 silly packumentCache full:https://registry.npmjs.org/@babel%2fhelper-module-transforms cache-miss
145 http fetch GET 200 https://registry.npmjs.org/@babel%2fcode-frame 481ms (cache miss)
146 silly packumentCache full:https://registry.npmjs.org/@babel%2fcode-frame set size:undefined disposed:false
147 silly fetch manifest @babel/helpers@^7.28.4
148 silly packumentCache full:https://registry.npmjs.org/@babel%2fhelpers cache-miss
149 http fetch GET 200 https://registry.npmjs.org/@babel%2fhelper-module-transforms 528ms (cache miss)
150 silly packumentCache full:https://registry.npmjs.org/@babel%2fhelper-module-transforms set size:undefined disposed:false
151 silly fetch manifest @babel/parser@^7.28.5
152 silly packumentCache full:https://registry.npmjs.org/@babel%2fparser cache-miss
153 http fetch GET 200 https://registry.npmjs.org/@babel%2fgenerator 833ms (cache miss)
154 silly packumentCache full:https://registry.npmjs.org/@babel%2fgenerator set size:undefined disposed:false
155 silly fetch manifest @babel/template@^7.27.2
156 silly packumentCache full:https://registry.npmjs.org/@babel%2ftemplate cache-miss
157 http fetch GET 200 https://registry.npmjs.org/@babel%2ftemplate 498ms (cache miss)
158 silly packumentCache full:https://registry.npmjs.org/@babel%2ftemplate set size:undefined disposed:false
159 silly fetch manifest @babel/traverse@^7.28.5
160 silly packumentCache full:https://registry.npmjs.org/@babel%2ftraverse cache-miss
161 http fetch GET 200 https://registry.npmjs.org/@babel%2fhelpers 910ms (cache miss)
162 silly packumentCache full:https://registry.npmjs.org/@babel%2fhelpers set size:undefined disposed:false
163 silly fetch manifest @babel/types@^7.28.5
164 silly packumentCache full:https://registry.npmjs.org/@babel%2ftypes cache-miss
165 http fetch GET 200 https://registry.npmjs.org/@babel%2fparser 955ms (cache miss)
166 silly packumentCache full:https://registry.npmjs.org/@babel%2fparser set size:undefined disposed:false
167 silly fetch manifest @jridgewell/remapping@^2.3.5
168 silly packumentCache full:https://registry.npmjs.org/@jridgewell%2fremapping cache-miss
169 http fetch GET 200 https://registry.npmjs.org/@babel%2ftypes 550ms (cache miss)
170 silly packumentCache full:https://registry.npmjs.org/@babel%2ftypes set size:undefined disposed:false
171 silly fetch manifest convert-source-map@^2.0.0
172 silly packumentCache full:https://registry.npmjs.org/convert-source-map cache-miss
173 http fetch GET 200 https://registry.npmjs.org/@babel%2ftraverse 774ms (cache miss)
174 silly packumentCache full:https://registry.npmjs.org/@babel%2ftraverse set size:undefined disposed:false
175 silly fetch manifest debug@^4.1.0
176 silly packumentCache full:https://registry.npmjs.org/debug cache-miss
177 http fetch GET 200 https://registry.npmjs.org/debug 290ms (cache miss)
178 silly packumentCache full:https://registry.npmjs.org/debug set size:undefined disposed:false
179 silly fetch manifest gensync@^1.0.0-beta.2
180 silly packumentCache full:https://registry.npmjs.org/gensync cache-miss
181 http fetch GET 200 https://registry.npmjs.org/gensync 177ms (cache miss)
182 silly packumentCache full:https://registry.npmjs.org/gensync set size:undefined disposed:false
183 silly fetch manifest json5@^2.2.3
184 silly packumentCache full:https://registry.npmjs.org/json5 cache-miss
185 http fetch GET 200 https://registry.npmjs.org/convert-source-map 646ms (cache miss)
186 silly packumentCache full:https://registry.npmjs.org/convert-source-map set size:undefined disposed:false
187 silly fetch manifest semver@^6.3.1
188 silly packumentCache full:https://registry.npmjs.org/semver cache-miss
189 http fetch GET 200 https://registry.npmjs.org/semver 328ms (cache miss)
190 silly packumentCache full:https://registry.npmjs.org/semver set size:undefined disposed:false
191 silly fetch manifest @babel/helper-plugin-utils@^7.27.1
192 silly packumentCache full:https://registry.npmjs.org/@babel%2fhelper-plugin-utils cache-miss
193 http fetch GET 200 https://registry.npmjs.org/@jridgewell%2fremapping 1302ms (cache miss)
194 silly packumentCache full:https://registry.npmjs.org/@jridgewell%2fremapping set size:undefined disposed:false
195 silly fetch manifest @babel/helper-plugin-utils@^7.27.1
196 silly packumentCache full:https://registry.npmjs.org/@babel%2fhelper-plugin-utils cache-miss
197 http fetch GET 200 https://registry.npmjs.org/json5 525ms (cache miss)
198 silly packumentCache full:https://registry.npmjs.org/json5 set size:undefined disposed:false
199 silly fetch manifest @babel/types@^7.20.7
200 silly packumentCache full:https://registry.npmjs.org/@babel%2ftypes cache-miss
201 http cache https://registry.npmjs.org/@babel%2ftypes 9ms (cache hit)
202 silly packumentCache full:https://registry.npmjs.org/@babel%2ftypes set size:475698 disposed:false
203 silly fetch manifest @babel/parser@^7.20.7
204 silly packumentCache full:https://registry.npmjs.org/@babel%2fparser cache-miss
205 http cache https://registry.npmjs.org/@babel%2fparser 6ms (cache hit)
206 silly packumentCache full:https://registry.npmjs.org/@babel%2fparser set size:702781 disposed:false
207 silly fetch manifest @types/babel__template@*
208 silly packumentCache full:https://registry.npmjs.org/@types%2fbabel__template cache-miss
209 http fetch GET 200 https://registry.npmjs.org/@types%2fbabel__template 575ms (cache miss)
210 silly packumentCache full:https://registry.npmjs.org/@types%2fbabel__template set size:undefined disposed:false
211 silly fetch manifest @types/babel__traverse@*
212 silly packumentCache full:https://registry.npmjs.org/@types%2fbabel__traverse cache-miss
213 http fetch GET 200 https://registry.npmjs.org/@babel%2fhelper-plugin-utils 1627ms (cache miss)
214 silly packumentCache full:https://registry.npmjs.org/@babel%2fhelper-plugin-utils set size:undefined disposed:false
215 silly fetch manifest @types/babel__generator@*
216 silly packumentCache full:https://registry.npmjs.org/@types%2fbabel__generator cache-miss
217 http fetch GET 200 https://registry.npmjs.org/@babel%2fhelper-plugin-utils 1487ms (cache miss)
218 silly packumentCache full:https://registry.npmjs.org/@babel%2fhelper-plugin-utils set size:undefined disposed:false
219 http fetch GET 200 https://registry.npmjs.org/@types%2fbabel__traverse 901ms (cache miss)
220 silly packumentCache full:https://registry.npmjs.org/@types%2fbabel__traverse set size:undefined disposed:false
221 http fetch GET 200 https://registry.npmjs.org/@types%2fbabel__generator 191ms (cache miss)
222 silly packumentCache full:https://registry.npmjs.org/@types%2fbabel__generator set size:undefined disposed:false
223 silly fetch manifest @babel/core@^7.0.0
224 silly packumentCache full:https://registry.npmjs.org/@babel%2fcore cache-miss
225 http cache https://registry.npmjs.org/@babel%2fcore 5ms (cache hit)
226 silly packumentCache full:https://registry.npmjs.org/@babel%2fcore set size:738278 disposed:false
227 silly placeDep ROOT @babel/code-frame@7.27.1 OK for: @babel/core@7.28.5 want: ^7.27.1
228 silly placeDep ROOT @babel/generator@7.28.5 OK for: @babel/core@7.28.5 want: ^7.28.5
229 silly placeDep ROOT @babel/helper-compilation-targets@7.27.2 OK for: @babel/core@7.28.5 want: ^7.27.2
230 silly placeDep ROOT @babel/helper-module-transforms@7.28.3 OK for: @babel/core@7.28.5 want: ^7.28.3
231 silly placeDep ROOT @babel/helpers@7.28.4 OK for: @babel/core@7.28.5 want: ^7.28.4
232 silly placeDep ROOT @babel/parser@7.28.5 OK for: @babel/core@7.28.5 want: ^7.28.5
233 silly placeDep ROOT @babel/template@7.27.2 OK for: @babel/core@7.28.5 want: ^7.27.2
234 silly placeDep ROOT @babel/traverse@7.28.5 OK for: @babel/core@7.28.5 want: ^7.28.5
235 silly placeDep ROOT @babel/types@7.28.5 OK for: @babel/core@7.28.5 want: ^7.28.5
236 silly placeDep ROOT @jridgewell/remapping@2.3.5 OK for: @babel/core@7.28.5 want: ^2.3.5
237 silly placeDep ROOT convert-source-map@2.0.0 OK for: @babel/core@7.28.5 want: ^2.0.0
238 silly placeDep ROOT debug@4.4.3 OK for: @babel/core@7.28.5 want: ^4.1.0
239 silly placeDep ROOT gensync@1.0.0-beta.2 OK for: @babel/core@7.28.5 want: ^1.0.0-beta.2
240 silly placeDep ROOT json5@2.2.3 OK for: @babel/core@7.28.5 want: ^2.2.3
241 silly placeDep ROOT semver@6.3.1 OK for: @babel/core@7.28.5 want: ^6.3.1
242 silly fetch manifest js-tokens@^4.0.0
243 silly packumentCache full:https://registry.npmjs.org/js-tokens cache-miss
244 silly fetch manifest picocolors@^1.1.1
245 silly packumentCache full:https://registry.npmjs.org/picocolors cache-miss
246 silly fetch manifest @babel/helper-validator-identifier@^7.27.1
247 silly packumentCache full:https://registry.npmjs.org/@babel%2fhelper-validator-identifier cache-miss
248 http fetch GET 200 https://registry.npmjs.org/picocolors 164ms (cache miss)
249 silly packumentCache full:https://registry.npmjs.org/picocolors set size:undefined disposed:false
250 silly fetch manifest @jridgewell/gen-mapping@^0.3.12
251 silly packumentCache full:https://registry.npmjs.org/@jridgewell%2fgen-mapping cache-miss
252 http fetch GET 200 https://registry.npmjs.org/@jridgewell%2fgen-mapping 218ms (cache miss)
253 silly packumentCache full:https://registry.npmjs.org/@jridgewell%2fgen-mapping set size:undefined disposed:false
254 silly fetch manifest @jridgewell/trace-mapping@^0.3.28
255 silly packumentCache full:https://registry.npmjs.org/@jridgewell%2ftrace-mapping cache-miss
256 http fetch GET 200 https://registry.npmjs.org/@babel%2fhelper-validator-identifier 796ms (cache miss)
257 silly packumentCache full:https://registry.npmjs.org/@babel%2fhelper-validator-identifier set size:undefined disposed:false
258 silly fetch manifest jsesc@^3.0.2
259 silly packumentCache full:https://registry.npmjs.org/jsesc cache-miss
260 http fetch GET 200 https://registry.npmjs.org/@jridgewell%2ftrace-mapping 478ms (cache miss)
261 silly packumentCache full:https://registry.npmjs.org/@jridgewell%2ftrace-mapping set size:undefined disposed:false
262 silly fetch manifest lru-cache@^5.1.1
263 silly packumentCache full:https://registry.npmjs.org/lru-cache cache-miss
264 http fetch GET 200 https://registry.npmjs.org/jsesc 112ms (cache miss)
265 silly packumentCache full:https://registry.npmjs.org/jsesc set size:undefined disposed:false
266 silly fetch manifest browserslist@^4.24.0
267 silly packumentCache full:https://registry.npmjs.org/browserslist cache-miss
268 http fetch GET 200 https://registry.npmjs.org/js-tokens 995ms (cache miss)
269 silly packumentCache full:https://registry.npmjs.org/js-tokens set size:undefined disposed:false
270 silly fetch manifest @babel/compat-data@^7.27.2
271 silly packumentCache full:https://registry.npmjs.org/@babel%2fcompat-data cache-miss
272 http fetch GET 200 https://registry.npmjs.org/browserslist 898ms (cache miss)
273 silly packumentCache full:https://registry.npmjs.org/browserslist set size:undefined disposed:false
274 silly fetch manifest @babel/helper-validator-option@^7.27.1
275 silly packumentCache full:https://registry.npmjs.org/@babel%2fhelper-validator-option cache-miss
276 http fetch GET 200 https://registry.npmjs.org/lru-cache 1138ms (cache miss)
277 silly packumentCache full:https://registry.npmjs.org/lru-cache set size:undefined disposed:false
278 silly fetch manifest @babel/traverse@^7.28.3
279 silly packumentCache full:https://registry.npmjs.org/@babel%2ftraverse cache-miss
280 http cache https://registry.npmjs.org/@babel%2ftraverse 5ms (cache hit)
281 silly packumentCache full:https://registry.npmjs.org/@babel%2ftraverse set size:535703 disposed:false
282 silly fetch manifest @babel/helper-module-imports@^7.27.1
283 silly packumentCache full:https://registry.npmjs.org/@babel%2fhelper-module-imports cache-miss
284 http fetch GET 200 https://registry.npmjs.org/@babel%2fcompat-data 1029ms (cache miss)
285 silly packumentCache full:https://registry.npmjs.org/@babel%2fcompat-data set size:undefined disposed:false
286 silly fetch manifest @babel/types@^7.28.4
287 silly packumentCache full:https://registry.npmjs.org/@babel%2ftypes cache-hit
288 silly fetch manifest @babel/types@^7.27.1
289 silly packumentCache full:https://registry.npmjs.org/@babel%2ftypes cache-hit
290 silly fetch manifest @babel/helper-globals@^7.28.0
291 silly packumentCache full:https://registry.npmjs.org/@babel%2fhelper-globals cache-miss
292 http fetch GET 200 https://registry.npmjs.org/@babel%2fhelper-validator-option 238ms (cache miss)
293 silly packumentCache full:https://registry.npmjs.org/@babel%2fhelper-validator-option set size:undefined disposed:false
294 silly fetch manifest debug@^4.3.1
295 silly packumentCache full:https://registry.npmjs.org/debug cache-miss
296 http cache https://registry.npmjs.org/debug 6ms (cache hit)
297 silly packumentCache full:https://registry.npmjs.org/debug set size:195840 disposed:false
298 silly fetch manifest @babel/helper-string-parser@^7.27.1
299 silly packumentCache full:https://registry.npmjs.org/@babel%2fhelper-string-parser cache-miss
300 http fetch GET 200 https://registry.npmjs.org/@babel%2fhelper-globals 80ms (cache miss)
301 silly packumentCache full:https://registry.npmjs.org/@babel%2fhelper-globals set size:undefined disposed:false
302 silly fetch manifest @babel/helper-validator-identifier@^7.28.5
303 silly packumentCache full:https://registry.npmjs.org/@babel%2fhelper-validator-identifier cache-miss
304 http cache https://registry.npmjs.org/@babel%2fhelper-validator-identifier 4ms (cache hit)
305 silly packumentCache full:https://registry.npmjs.org/@babel%2fhelper-validator-identifier set size:108996 disposed:false
306 silly fetch manifest @jridgewell/gen-mapping@^0.3.5
307 silly packumentCache full:https://registry.npmjs.org/@jridgewell%2fgen-mapping cache-miss
308 http cache https://registry.npmjs.org/@jridgewell%2fgen-mapping 2ms (cache hit)
309 silly packumentCache full:https://registry.npmjs.org/@jridgewell%2fgen-mapping set size:80719 disposed:false
310 silly fetch manifest @jridgewell/trace-mapping@^0.3.24
311 silly packumentCache full:https://registry.npmjs.org/@jridgewell%2ftrace-mapping cache-miss
312 http cache https://registry.npmjs.org/@jridgewell%2ftrace-mapping 6ms (cache hit)
313 silly packumentCache full:https://registry.npmjs.org/@jridgewell%2ftrace-mapping set size:170909 disposed:false
314 silly fetch manifest ms@^2.1.3
315 silly packumentCache full:https://registry.npmjs.org/ms cache-miss
316 http fetch GET 200 https://registry.npmjs.org/@babel%2fhelper-string-parser 137ms (cache miss)
317 silly packumentCache full:https://registry.npmjs.org/@babel%2fhelper-string-parser set size:undefined disposed:false
318 http fetch GET 200 https://registry.npmjs.org/ms 359ms (cache miss)
319 silly packumentCache full:https://registry.npmjs.org/ms set size:undefined disposed:false
320 http fetch GET 200 https://registry.npmjs.org/@babel%2fhelper-module-imports 561ms (cache miss)
321 silly packumentCache full:https://registry.npmjs.org/@babel%2fhelper-module-imports set size:undefined disposed:false
322 silly placeDep ROOT @babel/helper-validator-identifier@7.28.5 OK for: @babel/code-frame@7.27.1 want: ^7.27.1
323 silly placeDep ROOT js-tokens@4.0.0 OK for: @babel/code-frame@7.27.1 want: ^4.0.0
324 silly placeDep ROOT picocolors@1.1.1 OK for: @babel/code-frame@7.27.1 want: ^1.1.1
325 silly placeDep ROOT @jridgewell/gen-mapping@0.3.13 OK for: @babel/generator@7.28.5 want: ^0.3.12
326 silly placeDep ROOT @jridgewell/trace-mapping@0.3.31 OK for: @babel/generator@7.28.5 want: ^0.3.28
327 silly placeDep ROOT jsesc@3.1.0 OK for: @babel/generator@7.28.5 want: ^3.0.2
328 silly fetch manifest @jridgewell/sourcemap-codec@^1.5.0
329 silly packumentCache full:https://registry.npmjs.org/@jridgewell%2fsourcemap-codec cache-miss
330 silly fetch manifest @jridgewell/resolve-uri@^3.1.0
331 silly packumentCache full:https://registry.npmjs.org/@jridgewell%2fresolve-uri cache-miss
332 silly fetch manifest @jridgewell/sourcemap-codec@^1.4.14
333 silly packumentCache full:https://registry.npmjs.org/@jridgewell%2fsourcemap-codec cache-miss
334 http fetch GET 200 https://registry.npmjs.org/@jridgewell%2fresolve-uri 186ms (cache miss)
335 silly packumentCache full:https://registry.npmjs.org/@jridgewell%2fresolve-uri set size:undefined disposed:false
336 http fetch GET 200 https://registry.npmjs.org/@jridgewell%2fsourcemap-codec 346ms (cache miss)
337 silly packumentCache full:https://registry.npmjs.org/@jridgewell%2fsourcemap-codec set size:undefined disposed:false
338 http fetch GET 200 https://registry.npmjs.org/@jridgewell%2fsourcemap-codec 354ms (cache miss)
339 silly packumentCache full:https://registry.npmjs.org/@jridgewell%2fsourcemap-codec set size:undefined disposed:false
340 silly placeDep ROOT @babel/compat-data@7.28.5 OK for: @babel/helper-compilation-targets@7.27.2 want: ^7.27.2
341 silly placeDep ROOT @babel/helper-validator-option@7.27.1 OK for: @babel/helper-compilation-targets@7.27.2 want: ^7.27.1
342 silly placeDep ROOT browserslist@4.28.1 OK for: @babel/helper-compilation-targets@7.27.2 want: ^4.24.0
343 silly placeDep ROOT lru-cache@5.1.1 OK for: @babel/helper-compilation-targets@7.27.2 want: ^5.1.1
344 silly fetch manifest baseline-browser-mapping@^2.9.0
345 silly packumentCache full:https://registry.npmjs.org/baseline-browser-mapping cache-miss
346 silly fetch manifest caniuse-lite@^1.0.30001759
347 silly packumentCache full:https://registry.npmjs.org/caniuse-lite cache-miss
348 silly fetch manifest electron-to-chromium@^1.5.263
349 silly packumentCache full:https://registry.npmjs.org/electron-to-chromium cache-miss
350 http fetch GET 200 https://registry.npmjs.org/baseline-browser-mapping 253ms (cache miss)
351 silly packumentCache full:https://registry.npmjs.org/baseline-browser-mapping set size:undefined disposed:false
352 silly fetch manifest node-releases@^2.0.27
353 silly packumentCache full:https://registry.npmjs.org/node-releases cache-miss
354 http fetch GET 200 https://registry.npmjs.org/node-releases 695ms (cache miss)
355 silly packumentCache full:https://registry.npmjs.org/node-releases set size:undefined disposed:false
356 silly fetch manifest update-browserslist-db@^1.2.0
357 silly packumentCache full:https://registry.npmjs.org/update-browserslist-db cache-miss
358 http fetch GET 200 https://registry.npmjs.org/update-browserslist-db 213ms (cache miss)
359 silly packumentCache full:https://registry.npmjs.org/update-browserslist-db set size:undefined disposed:false
360 silly fetch manifest yallist@^3.0.2
361 silly packumentCache full:https://registry.npmjs.org/yallist cache-miss
362 http fetch GET 200 https://registry.npmjs.org/yallist 166ms (cache miss)
363 silly packumentCache full:https://registry.npmjs.org/yallist set size:undefined disposed:false
364 http fetch GET 200 https://registry.npmjs.org/caniuse-lite 3431ms (cache miss)
365 silly packumentCache full:https://registry.npmjs.org/caniuse-lite set size:undefined disposed:false
366 http fetch GET 200 https://registry.npmjs.org/electron-to-chromium 9824ms (cache miss)
367 silly packumentCache full:https://registry.npmjs.org/electron-to-chromium set size:undefined disposed:false
368 silly placeDep ROOT @babel/helper-module-imports@7.27.1 OK for: @babel/helper-module-transforms@7.28.3 want: ^7.27.1
369 silly placeDep ROOT @babel/helper-plugin-utils@7.27.1 OK for: @babel/plugin-transform-react-jsx-self@7.27.1 want: ^7.27.1
370 silly placeDep ROOT @babel/helper-globals@7.28.0 OK for: @babel/traverse@7.28.5 want: ^7.28.0
371 silly placeDep ROOT @babel/helper-string-parser@7.27.1 OK for: @babel/types@7.28.5 want: ^7.27.1
372 silly placeDep ROOT @jridgewell/sourcemap-codec@1.5.5 OK for: @jridgewell/gen-mapping@0.3.13 want: ^1.5.0
373 silly placeDep ROOT @jridgewell/resolve-uri@3.1.2 OK for: @jridgewell/trace-mapping@0.3.31 want: ^3.1.0
374 silly placeDep ROOT @types/babel__generator@7.27.0 OK for: @types/babel__core@7.20.5 want: *
375 silly placeDep ROOT @types/babel__template@7.4.4 OK for: @types/babel__core@7.20.5 want: *
376 silly placeDep ROOT @types/babel__traverse@7.28.0 OK for: @types/babel__core@7.20.5 want: *
377 silly fetch manifest browserslist@>= 4.21.0
378 silly packumentCache full:https://registry.npmjs.org/browserslist cache-miss
379 http cache https://registry.npmjs.org/browserslist 4ms (cache hit)
380 silly packumentCache full:https://registry.npmjs.org/browserslist set size:502989 disposed:false
381 silly placeDep ROOT baseline-browser-mapping@2.9.6 OK for: browserslist@4.28.1 want: ^2.9.0
382 silly placeDep ROOT caniuse-lite@1.0.30001760 OK for: browserslist@4.28.1 want: ^1.0.30001759
383 silly placeDep ROOT electron-to-chromium@1.5.267 OK for: browserslist@4.28.1 want: ^1.5.263
384 silly placeDep ROOT node-releases@2.0.27 OK for: browserslist@4.28.1 want: ^2.0.27
385 silly placeDep ROOT update-browserslist-db@1.2.2 OK for: browserslist@4.28.1 want: ^1.2.0
386 silly fetch manifest escalade@^3.2.0
387 silly packumentCache full:https://registry.npmjs.org/escalade cache-miss
388 http fetch GET 200 https://registry.npmjs.org/escalade 115ms (cache miss)
389 silly packumentCache full:https://registry.npmjs.org/escalade set size:undefined disposed:false
390 silly placeDep ROOT ms@2.1.3 OK for: debug@4.4.3 want: ^2.1.3
391 silly placeDep ROOT yallist@3.1.1 OK for: lru-cache@5.1.1 want: ^3.0.2
392 silly placeDep ROOT escalade@3.2.0 OK for: update-browserslist-db@1.2.2 want: ^3.2.0
393 silly placeDep ROOT esbuild@0.25.12 OK for: vite@7.2.7 want: ^0.25.0
394 silly placeDep ROOT fdir@6.5.0 OK for: vite@7.2.7 want: ^6.5.0
395 silly placeDep ROOT fsevents@2.3.3 OK for: vite@7.2.7 want: ~2.3.3
396 silly placeDep ROOT picomatch@4.0.3 OK for: vite@7.2.7 want: ^4.0.3
397 silly placeDep ROOT postcss@8.5.6 OK for: vite@7.2.7 want: ^8.5.6
398 silly placeDep ROOT rollup@4.53.3 OK for: vite@7.2.7 want: ^4.43.0
399 silly placeDep ROOT tinyglobby@0.2.15 OK for: vite@7.2.7 want: ^0.2.15
400 silly fetch manifest @esbuild/aix-ppc64@0.25.12
401 silly packumentCache full:https://registry.npmjs.org/@esbuild%2faix-ppc64 cache-miss
402 silly fetch manifest @esbuild/linux-arm@0.25.12
403 silly packumentCache full:https://registry.npmjs.org/@esbuild%2flinux-arm cache-miss
404 silly fetch manifest @esbuild/linux-x64@0.25.12
405 silly packumentCache full:https://registry.npmjs.org/@esbuild%2flinux-x64 cache-miss
406 http fetch GET 200 https://registry.npmjs.org/@esbuild%2flinux-x64 444ms (cache miss)
407 silly packumentCache full:https://registry.npmjs.org/@esbuild%2flinux-x64 set size:undefined disposed:false
408 silly fetch manifest @esbuild/sunos-x64@0.25.12
409 silly packumentCache full:https://registry.npmjs.org/@esbuild%2fsunos-x64 cache-miss
410 http fetch GET 200 https://registry.npmjs.org/@esbuild%2fsunos-x64 400ms (cache miss)
411 silly packumentCache full:https://registry.npmjs.org/@esbuild%2fsunos-x64 set size:undefined disposed:false
412 silly fetch manifest @esbuild/win32-x64@0.25.12
413 silly packumentCache full:https://registry.npmjs.org/@esbuild%2fwin32-x64 cache-miss
414 http fetch GET 200 https://registry.npmjs.org/@esbuild%2flinux-arm 928ms (cache miss)
415 silly packumentCache full:https://registry.npmjs.org/@esbuild%2flinux-arm set size:undefined disposed:false
416 silly fetch manifest @esbuild/darwin-x64@0.25.12
417 silly packumentCache full:https://registry.npmjs.org/@esbuild%2fdarwin-x64 cache-miss
418 http fetch GET 200 https://registry.npmjs.org/@esbuild%2faix-ppc64 1032ms (cache miss)
419 silly packumentCache full:https://registry.npmjs.org/@esbuild%2faix-ppc64 set size:undefined disposed:false
420 silly fetch manifest @esbuild/linux-ia32@0.25.12
421 silly packumentCache full:https://registry.npmjs.org/@esbuild%2flinux-ia32 cache-miss
422 http fetch GET 200 https://registry.npmjs.org/@esbuild%2fdarwin-x64 258ms (cache miss)
423 silly packumentCache full:https://registry.npmjs.org/@esbuild%2fdarwin-x64 set size:undefined disposed:false
424 silly fetch manifest @esbuild/netbsd-x64@0.25.12
425 silly packumentCache full:https://registry.npmjs.org/@esbuild%2fnetbsd-x64 cache-miss
426 http fetch GET 200 https://registry.npmjs.org/@esbuild%2fnetbsd-x64 427ms (cache miss)
427 silly packumentCache full:https://registry.npmjs.org/@esbuild%2fnetbsd-x64 set size:undefined disposed:false
428 silly fetch manifest @esbuild/win32-ia32@0.25.12
429 silly packumentCache full:https://registry.npmjs.org/@esbuild%2fwin32-ia32 cache-miss
430 http fetch GET 200 https://registry.npmjs.org/@esbuild%2fwin32-x64 904ms (cache miss)
431 silly packumentCache full:https://registry.npmjs.org/@esbuild%2fwin32-x64 set size:undefined disposed:false
432 silly fetch manifest @esbuild/android-arm@0.25.12
433 silly packumentCache full:https://registry.npmjs.org/@esbuild%2fandroid-arm cache-miss
434 http fetch GET 200 https://registry.npmjs.org/@esbuild%2flinux-ia32 735ms (cache miss)
435 silly packumentCache full:https://registry.npmjs.org/@esbuild%2flinux-ia32 set size:undefined disposed:false
436 silly fetch manifest @esbuild/android-x64@0.25.12
437 silly packumentCache full:https://registry.npmjs.org/@esbuild%2fandroid-x64 cache-miss
438 http fetch GET 200 https://registry.npmjs.org/@esbuild%2fwin32-ia32 293ms (cache miss)
439 silly packumentCache full:https://registry.npmjs.org/@esbuild%2fwin32-ia32 set size:undefined disposed:false
440 silly fetch manifest @esbuild/freebsd-x64@0.25.12
441 silly packumentCache full:https://registry.npmjs.org/@esbuild%2ffreebsd-x64 cache-miss
442 http fetch GET 200 https://registry.npmjs.org/@esbuild%2ffreebsd-x64 328ms (cache miss)
443 silly packumentCache full:https://registry.npmjs.org/@esbuild%2ffreebsd-x64 set size:undefined disposed:false
444 silly fetch manifest @esbuild/linux-arm64@0.25.12
445 silly packumentCache full:https://registry.npmjs.org/@esbuild%2flinux-arm64 cache-miss
446 http fetch GET 200 https://registry.npmjs.org/@esbuild%2fandroid-x64 521ms (cache miss)
447 silly packumentCache full:https://registry.npmjs.org/@esbuild%2fandroid-x64 set size:undefined disposed:false
448 silly fetch manifest @esbuild/linux-ppc64@0.25.12
449 silly packumentCache full:https://registry.npmjs.org/@esbuild%2flinux-ppc64 cache-miss
450 http fetch GET 200 https://registry.npmjs.org/@esbuild%2flinux-ppc64 1242ms (cache miss)
451 silly packumentCache full:https://registry.npmjs.org/@esbuild%2flinux-ppc64 set size:undefined disposed:false
452 silly fetch manifest @esbuild/linux-s390x@0.25.12
453 silly packumentCache full:https://registry.npmjs.org/@esbuild%2flinux-s390x cache-miss
454 http fetch GET 200 https://registry.npmjs.org/@esbuild%2flinux-arm64 1380ms (cache miss)
455 silly packumentCache full:https://registry.npmjs.org/@esbuild%2flinux-arm64 set size:undefined disposed:false
456 silly fetch manifest @esbuild/openbsd-x64@0.25.12
457 silly packumentCache full:https://registry.npmjs.org/@esbuild%2fopenbsd-x64 cache-miss
458 http fetch GET 200 https://registry.npmjs.org/@esbuild%2fandroid-arm 2365ms (cache miss)
459 silly packumentCache full:https://registry.npmjs.org/@esbuild%2fandroid-arm set size:undefined disposed:false
460 silly fetch manifest @esbuild/win32-arm64@0.25.12
461 silly packumentCache full:https://registry.npmjs.org/@esbuild%2fwin32-arm64 cache-miss
462 http fetch GET 200 https://registry.npmjs.org/@esbuild%2fopenbsd-x64 510ms (cache miss)
463 silly packumentCache full:https://registry.npmjs.org/@esbuild%2fopenbsd-x64 set size:undefined disposed:false
464 silly fetch manifest @esbuild/darwin-arm64@0.25.12
465 silly packumentCache full:https://registry.npmjs.org/@esbuild%2fdarwin-arm64 cache-miss
466 http fetch GET 200 https://registry.npmjs.org/@esbuild%2flinux-s390x 661ms (cache miss)
467 silly packumentCache full:https://registry.npmjs.org/@esbuild%2flinux-s390x set size:undefined disposed:false
468 silly fetch manifest @esbuild/netbsd-arm64@0.25.12
469 silly packumentCache full:https://registry.npmjs.org/@esbuild%2fnetbsd-arm64 cache-miss
470 http fetch GET 200 https://registry.npmjs.org/@esbuild%2fwin32-arm64 392ms (cache miss)
471 silly packumentCache full:https://registry.npmjs.org/@esbuild%2fwin32-arm64 set size:undefined disposed:false
472 silly fetch manifest @esbuild/android-arm64@0.25.12
473 silly packumentCache full:https://registry.npmjs.org/@esbuild%2fandroid-arm64 cache-miss
474 http fetch GET 200 https://registry.npmjs.org/@esbuild%2fnetbsd-arm64 333ms (cache miss)
475 silly packumentCache full:https://registry.npmjs.org/@esbuild%2fnetbsd-arm64 set size:undefined disposed:false
476 silly fetch manifest @esbuild/freebsd-arm64@0.25.12
477 silly packumentCache full:https://registry.npmjs.org/@esbuild%2ffreebsd-arm64 cache-miss
478 http fetch GET 200 https://registry.npmjs.org/@esbuild%2fdarwin-arm64 608ms (cache miss)
479 silly packumentCache full:https://registry.npmjs.org/@esbuild%2fdarwin-arm64 set size:undefined disposed:false
480 silly fetch manifest @esbuild/linux-loong64@0.25.12
481 silly packumentCache full:https://registry.npmjs.org/@esbuild%2flinux-loong64 cache-miss
482 http fetch GET 200 https://registry.npmjs.org/@esbuild%2fandroid-arm64 567ms (cache miss)
483 silly packumentCache full:https://registry.npmjs.org/@esbuild%2fandroid-arm64 set size:undefined disposed:false
484 silly fetch manifest @esbuild/linux-riscv64@0.25.12
485 silly packumentCache full:https://registry.npmjs.org/@esbuild%2flinux-riscv64 cache-miss
486 http fetch GET 200 https://registry.npmjs.org/@esbuild%2flinux-loong64 497ms (cache miss)
487 silly packumentCache full:https://registry.npmjs.org/@esbuild%2flinux-loong64 set size:undefined disposed:false
488 silly fetch manifest @esbuild/openbsd-arm64@0.25.12
489 silly packumentCache full:https://registry.npmjs.org/@esbuild%2fopenbsd-arm64 cache-miss
490 http fetch GET 200 https://registry.npmjs.org/@esbuild%2ffreebsd-arm64 735ms (cache miss)
491 silly packumentCache full:https://registry.npmjs.org/@esbuild%2ffreebsd-arm64 set size:undefined disposed:false
492 silly fetch manifest @esbuild/linux-mips64el@0.25.12
493 silly packumentCache full:https://registry.npmjs.org/@esbuild%2flinux-mips64el cache-miss
494 http fetch GET 200 https://registry.npmjs.org/@esbuild%2flinux-riscv64 424ms (cache miss)
495 silly packumentCache full:https://registry.npmjs.org/@esbuild%2flinux-riscv64 set size:undefined disposed:false
496 silly fetch manifest @esbuild/openharmony-arm64@0.25.12
497 silly packumentCache full:https://registry.npmjs.org/@esbuild%2fopenharmony-arm64 cache-miss
498 http fetch GET 200 https://registry.npmjs.org/@esbuild%2fopenbsd-arm64 358ms (cache miss)
499 silly packumentCache full:https://registry.npmjs.org/@esbuild%2fopenbsd-arm64 set size:undefined disposed:false
500 silly fetch manifest nanoid@^3.3.11
501 silly packumentCache full:https://registry.npmjs.org/nanoid cache-miss
502 http fetch GET 200 https://registry.npmjs.org/@esbuild%2fopenharmony-arm64 103ms (cache miss)
503 silly packumentCache full:https://registry.npmjs.org/@esbuild%2fopenharmony-arm64 set size:undefined disposed:false
504 silly fetch manifest source-map-js@^1.2.1
505 silly packumentCache full:https://registry.npmjs.org/source-map-js cache-miss
506 http fetch GET 200 https://registry.npmjs.org/source-map-js 197ms (cache miss)
507 silly packumentCache full:https://registry.npmjs.org/source-map-js set size:undefined disposed:false
508 silly fetch manifest @types/estree@1.0.8
509 silly packumentCache full:https://registry.npmjs.org/@types%2festree cache-miss
510 http fetch GET 200 https://registry.npmjs.org/@esbuild%2flinux-mips64el 571ms (cache miss)
511 silly packumentCache full:https://registry.npmjs.org/@esbuild%2flinux-mips64el set size:undefined disposed:false
512 silly fetch manifest @rollup/rollup-darwin-arm64@4.53.3
513 silly packumentCache full:https://registry.npmjs.org/@rollup%2frollup-darwin-arm64 cache-miss
514 http fetch GET 200 https://registry.npmjs.org/@types%2festree 145ms (cache miss)
515 silly packumentCache full:https://registry.npmjs.org/@types%2festree set size:undefined disposed:false
516 silly fetch manifest @rollup/rollup-android-arm64@4.53.3
517 silly packumentCache full:https://registry.npmjs.org/@rollup%2frollup-android-arm64 cache-miss
518 http fetch GET 200 https://registry.npmjs.org/@rollup%2frollup-android-arm64 557ms (cache miss)
519 silly packumentCache full:https://registry.npmjs.org/@rollup%2frollup-android-arm64 set size:undefined disposed:false
520 silly fetch manifest @rollup/rollup-win32-arm64-msvc@4.53.3
521 silly packumentCache full:https://registry.npmjs.org/@rollup%2frollup-win32-arm64-msvc cache-miss
522 http fetch GET 200 https://registry.npmjs.org/@rollup%2frollup-darwin-arm64 734ms (cache miss)
523 silly packumentCache full:https://registry.npmjs.org/@rollup%2frollup-darwin-arm64 set size:undefined disposed:false
524 silly fetch manifest @rollup/rollup-freebsd-arm64@4.53.3
525 silly packumentCache full:https://registry.npmjs.org/@rollup%2frollup-freebsd-arm64 cache-miss
526 http fetch GET 200 https://registry.npmjs.org/nanoid 973ms (cache miss)
527 silly packumentCache full:https://registry.npmjs.org/nanoid set size:undefined disposed:false
528 silly fetch manifest @rollup/rollup-linux-arm64-gnu@4.53.3
529 silly packumentCache full:https://registry.npmjs.org/@rollup%2frollup-linux-arm64-gnu cache-miss
530 http fetch GET 200 https://registry.npmjs.org/@rollup%2frollup-freebsd-arm64 351ms (cache miss)
531 silly packumentCache full:https://registry.npmjs.org/@rollup%2frollup-freebsd-arm64 set size:undefined disposed:false
532 silly fetch manifest @rollup/rollup-linux-arm64-musl@4.53.3
533 silly packumentCache full:https://registry.npmjs.org/@rollup%2frollup-linux-arm64-musl cache-miss
534 http fetch GET 200 https://registry.npmjs.org/@rollup%2frollup-linux-arm64-gnu 394ms (cache miss)
535 silly packumentCache full:https://registry.npmjs.org/@rollup%2frollup-linux-arm64-gnu set size:undefined disposed:false
536 silly fetch manifest @rollup/rollup-android-arm-eabi@4.53.3
537 silly packumentCache full:https://registry.npmjs.org/@rollup%2frollup-android-arm-eabi cache-miss
538 http fetch GET 200 https://registry.npmjs.org/@rollup%2frollup-linux-arm64-musl 524ms (cache miss)
539 silly packumentCache full:https://registry.npmjs.org/@rollup%2frollup-linux-arm64-musl set size:undefined disposed:false
540 silly fetch manifest @rollup/rollup-linux-arm-gnueabihf@4.53.3
541 silly packumentCache full:https://registry.npmjs.org/@rollup%2frollup-linux-arm-gnueabihf cache-miss
542 http fetch GET 200 https://registry.npmjs.org/@rollup%2frollup-android-arm-eabi 523ms (cache miss)
543 silly packumentCache full:https://registry.npmjs.org/@rollup%2frollup-android-arm-eabi set size:undefined disposed:false
544 silly fetch manifest @rollup/rollup-linux-arm-musleabihf@4.53.3
545 silly packumentCache full:https://registry.npmjs.org/@rollup%2frollup-linux-arm-musleabihf cache-miss
546 http fetch GET 200 https://registry.npmjs.org/@rollup%2frollup-linux-arm-gnueabihf 829ms (cache miss)
547 silly packumentCache full:https://registry.npmjs.org/@rollup%2frollup-linux-arm-gnueabihf set size:undefined disposed:false
548 silly fetch manifest @rollup/rollup-win32-ia32-msvc@4.53.3
549 silly packumentCache full:https://registry.npmjs.org/@rollup%2frollup-win32-ia32-msvc cache-miss
550 http fetch GET 200 https://registry.npmjs.org/@rollup%2frollup-linux-arm-musleabihf 823ms (cache miss)
551 silly packumentCache full:https://registry.npmjs.org/@rollup%2frollup-linux-arm-musleabihf set size:undefined disposed:false
552 silly fetch manifest @rollup/rollup-linux-loong64-gnu@4.53.3
553 silly packumentCache full:https://registry.npmjs.org/@rollup%2frollup-linux-loong64-gnu cache-miss
554 http fetch GET 200 https://registry.npmjs.org/@rollup%2frollup-linux-loong64-gnu 97ms (cache miss)
555 silly packumentCache full:https://registry.npmjs.org/@rollup%2frollup-linux-loong64-gnu set size:undefined disposed:false
556 silly fetch manifest @rollup/rollup-linux-riscv64-gnu@4.53.3
557 silly packumentCache full:https://registry.npmjs.org/@rollup%2frollup-linux-riscv64-gnu cache-miss
558 http fetch GET 200 https://registry.npmjs.org/@rollup%2frollup-win32-arm64-msvc 1956ms (cache miss)
559 silly packumentCache full:https://registry.npmjs.org/@rollup%2frollup-win32-arm64-msvc set size:undefined disposed:false
560 silly fetch manifest @rollup/rollup-linux-riscv64-musl@4.53.3
561 silly packumentCache full:https://registry.npmjs.org/@rollup%2frollup-linux-riscv64-musl cache-miss
562 http fetch GET 200 https://registry.npmjs.org/@rollup%2frollup-win32-ia32-msvc 475ms (cache miss)
563 silly packumentCache full:https://registry.npmjs.org/@rollup%2frollup-win32-ia32-msvc set size:undefined disposed:false
564 silly fetch manifest @rollup/rollup-linux-ppc64-gnu@4.53.3
565 silly packumentCache full:https://registry.npmjs.org/@rollup%2frollup-linux-ppc64-gnu cache-miss
566 http fetch GET 200 https://registry.npmjs.org/@rollup%2frollup-linux-ppc64-gnu 351ms (cache miss)
567 silly packumentCache full:https://registry.npmjs.org/@rollup%2frollup-linux-ppc64-gnu set size:undefined disposed:false
568 silly fetch manifest @rollup/rollup-linux-s390x-gnu@4.53.3
569 silly packumentCache full:https://registry.npmjs.org/@rollup%2frollup-linux-s390x-gnu cache-miss
570 http fetch GET 200 https://registry.npmjs.org/@rollup%2frollup-linux-riscv64-gnu 876ms (cache miss)
571 silly packumentCache full:https://registry.npmjs.org/@rollup%2frollup-linux-riscv64-gnu set size:undefined disposed:false
572 silly fetch manifest @rollup/rollup-darwin-x64@4.53.3
573 silly packumentCache full:https://registry.npmjs.org/@rollup%2frollup-darwin-x64 cache-miss
574 http fetch GET 200 https://registry.npmjs.org/@rollup%2frollup-linux-riscv64-musl 1486ms (cache miss)
575 silly packumentCache full:https://registry.npmjs.org/@rollup%2frollup-linux-riscv64-musl set size:undefined disposed:false
576 silly fetch manifest @rollup/rollup-win32-x64-gnu@4.53.3
577 silly packumentCache full:https://registry.npmjs.org/@rollup%2frollup-win32-x64-gnu cache-miss
578 http fetch GET 200 https://registry.npmjs.org/@rollup%2frollup-linux-s390x-gnu 894ms (cache miss)
579 silly packumentCache full:https://registry.npmjs.org/@rollup%2frollup-linux-s390x-gnu set size:undefined disposed:false
580 silly fetch manifest @rollup/rollup-win32-x64-msvc@4.53.3
581 silly packumentCache full:https://registry.npmjs.org/@rollup%2frollup-win32-x64-msvc cache-miss
582 http fetch GET 200 https://registry.npmjs.org/@rollup%2frollup-darwin-x64 870ms (cache miss)
583 silly packumentCache full:https://registry.npmjs.org/@rollup%2frollup-darwin-x64 set size:undefined disposed:false
584 silly fetch manifest @rollup/rollup-freebsd-x64@4.53.3
585 silly packumentCache full:https://registry.npmjs.org/@rollup%2frollup-freebsd-x64 cache-miss
586 http fetch GET 200 https://registry.npmjs.org/@rollup%2frollup-win32-x64-gnu 1308ms (cache miss)
587 silly packumentCache full:https://registry.npmjs.org/@rollup%2frollup-win32-x64-gnu set size:undefined disposed:false
588 silly fetch manifest @rollup/rollup-linux-x64-gnu@4.53.3
589 silly packumentCache full:https://registry.npmjs.org/@rollup%2frollup-linux-x64-gnu cache-miss
590 http fetch GET 200 https://registry.npmjs.org/@rollup%2frollup-win32-x64-msvc 1569ms (cache miss)
591 silly packumentCache full:https://registry.npmjs.org/@rollup%2frollup-win32-x64-msvc set size:undefined disposed:false
592 silly fetch manifest @rollup/rollup-linux-x64-musl@4.53.3
593 silly packumentCache full:https://registry.npmjs.org/@rollup%2frollup-linux-x64-musl cache-miss
594 http fetch GET 200 https://registry.npmjs.org/@rollup%2frollup-linux-x64-gnu 1264ms (cache miss)
595 silly packumentCache full:https://registry.npmjs.org/@rollup%2frollup-linux-x64-gnu set size:undefined disposed:false
596 silly fetch manifest @rollup/rollup-openharmony-arm64@4.53.3
597 silly packumentCache full:https://registry.npmjs.org/@rollup%2frollup-openharmony-arm64 cache-miss
598 http fetch GET 200 https://registry.npmjs.org/@rollup%2frollup-freebsd-x64 2369ms (cache miss)
599 silly packumentCache full:https://registry.npmjs.org/@rollup%2frollup-freebsd-x64 set size:undefined disposed:false
600 http fetch GET 200 https://registry.npmjs.org/@rollup%2frollup-linux-x64-musl 1072ms (cache miss)
601 silly packumentCache full:https://registry.npmjs.org/@rollup%2frollup-linux-x64-musl set size:undefined disposed:false
602 http fetch GET 200 https://registry.npmjs.org/@rollup%2frollup-openharmony-arm64 823ms (cache miss)
603 silly packumentCache full:https://registry.npmjs.org/@rollup%2frollup-openharmony-arm64 set size:undefined disposed:false
604 silly placeDep ROOT @esbuild/aix-ppc64@0.25.12 OK for: esbuild@0.25.12 want: 0.25.12
605 silly placeDep ROOT @esbuild/android-arm@0.25.12 OK for: esbuild@0.25.12 want: 0.25.12
606 silly placeDep ROOT @esbuild/android-arm64@0.25.12 OK for: esbuild@0.25.12 want: 0.25.12
607 silly placeDep ROOT @esbuild/android-x64@0.25.12 OK for: esbuild@0.25.12 want: 0.25.12
608 silly placeDep ROOT @esbuild/darwin-arm64@0.25.12 OK for: esbuild@0.25.12 want: 0.25.12
609 silly placeDep ROOT @esbuild/darwin-x64@0.25.12 OK for: esbuild@0.25.12 want: 0.25.12
610 silly placeDep ROOT @esbuild/freebsd-arm64@0.25.12 OK for: esbuild@0.25.12 want: 0.25.12
611 silly placeDep ROOT @esbuild/freebsd-x64@0.25.12 OK for: esbuild@0.25.12 want: 0.25.12
612 silly placeDep ROOT @esbuild/linux-arm@0.25.12 OK for: esbuild@0.25.12 want: 0.25.12
613 silly placeDep ROOT @esbuild/linux-arm64@0.25.12 OK for: esbuild@0.25.12 want: 0.25.12
614 silly placeDep ROOT @esbuild/linux-ia32@0.25.12 OK for: esbuild@0.25.12 want: 0.25.12
615 silly placeDep ROOT @esbuild/linux-loong64@0.25.12 OK for: esbuild@0.25.12 want: 0.25.12
616 silly placeDep ROOT @esbuild/linux-mips64el@0.25.12 OK for: esbuild@0.25.12 want: 0.25.12
617 silly placeDep ROOT @esbuild/linux-ppc64@0.25.12 OK for: esbuild@0.25.12 want: 0.25.12
618 silly placeDep ROOT @esbuild/linux-riscv64@0.25.12 OK for: esbuild@0.25.12 want: 0.25.12
619 silly placeDep ROOT @esbuild/linux-s390x@0.25.12 OK for: esbuild@0.25.12 want: 0.25.12
620 silly placeDep ROOT @esbuild/linux-x64@0.25.12 OK for: esbuild@0.25.12 want: 0.25.12
621 silly placeDep ROOT @esbuild/netbsd-arm64@0.25.12 OK for: esbuild@0.25.12 want: 0.25.12
622 silly placeDep ROOT @esbuild/netbsd-x64@0.25.12 OK for: esbuild@0.25.12 want: 0.25.12
623 silly placeDep ROOT @esbuild/openbsd-arm64@0.25.12 OK for: esbuild@0.25.12 want: 0.25.12
624 silly placeDep ROOT @esbuild/openbsd-x64@0.25.12 OK for: esbuild@0.25.12 want: 0.25.12
625 silly placeDep ROOT @esbuild/openharmony-arm64@0.25.12 OK for: esbuild@0.25.12 want: 0.25.12
626 silly placeDep ROOT @esbuild/sunos-x64@0.25.12 OK for: esbuild@0.25.12 want: 0.25.12
627 silly placeDep ROOT @esbuild/win32-arm64@0.25.12 OK for: esbuild@0.25.12 want: 0.25.12
628 silly placeDep ROOT @esbuild/win32-ia32@0.25.12 OK for: esbuild@0.25.12 want: 0.25.12
629 silly placeDep ROOT @esbuild/win32-x64@0.25.12 OK for: esbuild@0.25.12 want: 0.25.12
630 silly placeDep ROOT nanoid@3.3.11 OK for: postcss@8.5.6 want: ^3.3.11
631 silly placeDep ROOT source-map-js@1.2.1 OK for: postcss@8.5.6 want: ^1.2.1
632 silly placeDep ROOT @rollup/rollup-android-arm-eabi@4.53.3 OK for: rollup@4.53.3 want: 4.53.3
633 silly placeDep ROOT @rollup/rollup-android-arm64@4.53.3 OK for: rollup@4.53.3 want: 4.53.3
634 silly placeDep ROOT @rollup/rollup-darwin-arm64@4.53.3 OK for: rollup@4.53.3 want: 4.53.3
635 silly placeDep ROOT @rollup/rollup-darwin-x64@4.53.3 OK for: rollup@4.53.3 want: 4.53.3
636 silly placeDep ROOT @rollup/rollup-freebsd-arm64@4.53.3 OK for: rollup@4.53.3 want: 4.53.3
637 silly placeDep ROOT @rollup/rollup-freebsd-x64@4.53.3 OK for: rollup@4.53.3 want: 4.53.3
638 silly placeDep ROOT @rollup/rollup-linux-arm-gnueabihf@4.53.3 OK for: rollup@4.53.3 want: 4.53.3
639 silly placeDep ROOT @rollup/rollup-linux-arm-musleabihf@4.53.3 OK for: rollup@4.53.3 want: 4.53.3
640 silly placeDep ROOT @rollup/rollup-linux-arm64-gnu@4.53.3 OK for: rollup@4.53.3 want: 4.53.3
641 silly placeDep ROOT @rollup/rollup-linux-arm64-musl@4.53.3 OK for: rollup@4.53.3 want: 4.53.3
642 silly placeDep ROOT @rollup/rollup-linux-loong64-gnu@4.53.3 OK for: rollup@4.53.3 want: 4.53.3
643 silly placeDep ROOT @rollup/rollup-linux-ppc64-gnu@4.53.3 OK for: rollup@4.53.3 want: 4.53.3
644 silly placeDep ROOT @rollup/rollup-linux-riscv64-gnu@4.53.3 OK for: rollup@4.53.3 want: 4.53.3
645 silly placeDep ROOT @rollup/rollup-linux-riscv64-musl@4.53.3 OK for: rollup@4.53.3 want: 4.53.3
646 silly placeDep ROOT @rollup/rollup-linux-s390x-gnu@4.53.3 OK for: rollup@4.53.3 want: 4.53.3
647 silly placeDep ROOT @rollup/rollup-linux-x64-gnu@4.53.3 OK for: rollup@4.53.3 want: 4.53.3
648 silly placeDep ROOT @rollup/rollup-linux-x64-musl@4.53.3 OK for: rollup@4.53.3 want: 4.53.3
649 silly placeDep ROOT @rollup/rollup-openharmony-arm64@4.53.3 OK for: rollup@4.53.3 want: 4.53.3
650 silly placeDep ROOT @rollup/rollup-win32-arm64-msvc@4.53.3 OK for: rollup@4.53.3 want: 4.53.3
651 silly placeDep ROOT @rollup/rollup-win32-ia32-msvc@4.53.3 OK for: rollup@4.53.3 want: 4.53.3
652 silly placeDep ROOT @rollup/rollup-win32-x64-gnu@4.53.3 OK for: rollup@4.53.3 want: 4.53.3
653 silly placeDep ROOT @rollup/rollup-win32-x64-msvc@4.53.3 OK for: rollup@4.53.3 want: 4.53.3
654 silly placeDep ROOT @types/estree@1.0.8 OK for: rollup@4.53.3 want: 1.0.8
655 silly reify moves {}
656 silly audit bulk request {
656 silly audit   '@hookform/resolvers': [ '5.2.2' ],
656 silly audit   '@reduxjs/toolkit': [ '2.11.1' ],
656 silly audit   '@standard-schema/spec': [ '1.0.0' ],
656 silly audit   '@standard-schema/utils': [ '0.3.0' ],
656 silly audit   '@types/use-sync-external-store': [ '0.0.6' ],
656 silly audit   classnames: [ '2.5.1' ],
656 silly audit   cookie: [ '1.1.1' ],
656 silly audit   csstype: [ '3.2.3' ],
656 silly audit   echarts: [ '6.0.0' ],
656 silly audit   'echarts-for-react': [ '3.0.5' ],
656 silly audit   'fast-deep-equal': [ '3.1.3' ],
656 silly audit   'framer-motion': [ '12.23.26' ],
656 silly audit   tslib: [ '2.8.1', '2.3.0' ],
656 silly audit   goober: [ '2.1.18' ],
656 silly audit   immer: [ '11.0.1' ],
656 silly audit   'motion-dom': [ '12.23.23' ],
656 silly audit   'motion-utils': [ '12.23.6' ],
656 silly audit   react: [ '19.2.1' ],
656 silly audit   'react-dom': [ '19.2.1' ],
656 silly audit   'react-hook-form': [ '7.68.0' ],
656 silly audit   'react-hot-toast': [ '2.6.0' ],
656 silly audit   'react-redux': [ '9.2.0' ],
656 silly audit   'react-router': [ '7.10.1' ],
656 silly audit   'react-router-dom': [ '7.10.1' ],
656 silly audit   redux: [ '5.0.1' ],
656 silly audit   'redux-thunk': [ '3.1.0' ],
656 silly audit   reselect: [ '5.1.1' ],
656 silly audit   scheduler: [ '0.27.0' ],
656 silly audit   'set-cookie-parser': [ '2.7.2' ],
656 silly audit   'size-sensor': [ '1.0.2' ],
656 silly audit   'use-sync-external-store': [ '1.6.0' ],
656 silly audit   zod: [ '4.1.13' ],
656 silly audit   zrender: [ '6.0.0' ],
656 silly audit   '@vitejs/plugin-react': [ '5.1.2' ],
656 silly audit   vite: [ '7.2.7' ],
656 silly audit   '@babel/core': [ '7.28.5' ],
656 silly audit   '@babel/plugin-transform-react-jsx-self': [ '7.27.1' ],
656 silly audit   '@babel/plugin-transform-react-jsx-source': [ '7.27.1' ],
656 silly audit   '@rolldown/pluginutils': [ '1.0.0-beta.53' ],
656 silly audit   '@types/babel__core': [ '7.20.5' ],
656 silly audit   'react-refresh': [ '0.18.0' ],
656 silly audit   '@babel/code-frame': [ '7.27.1' ],
656 silly audit   '@babel/generator': [ '7.28.5' ],
656 silly audit   '@babel/helper-compilation-targets': [ '7.27.2' ],
656 silly audit   '@babel/helper-module-transforms': [ '7.28.3' ],
656 silly audit   '@babel/helpers': [ '7.28.4' ],
656 silly audit   '@babel/parser': [ '7.28.5' ],
656 silly audit   '@babel/template': [ '7.27.2' ],
656 silly audit   '@babel/traverse': [ '7.28.5' ],
656 silly audit   '@babel/types': [ '7.28.5' ],
656 silly audit   '@jridgewell/remapping': [ '2.3.5' ],
656 silly audit   'convert-source-map': [ '2.0.0' ],
656 silly audit   debug: [ '4.4.3' ],
656 silly audit   gensync: [ '1.0.0-beta.2' ],
656 silly audit   json5: [ '2.2.3' ],
656 silly audit   semver: [ '6.3.1' ],
656 silly audit   '@babel/helper-validator-identifier': [ '7.28.5' ],
656 silly audit   'js-tokens': [ '4.0.0' ],
656 silly audit   picocolors: [ '1.1.1' ],
656 silly audit   '@jridgewell/gen-mapping': [ '0.3.13' ],
656 silly audit   '@jridgewell/trace-mapping': [ '0.3.31' ],
656 silly audit   jsesc: [ '3.1.0' ],
656 silly audit   '@babel/compat-data': [ '7.28.5' ],
656 silly audit   '@babel/helper-validator-option': [ '7.27.1' ],
656 silly audit   browserslist: [ '4.28.1' ],
656 silly audit   'lru-cache': [ '5.1.1' ],
656 silly audit   '@babel/helper-module-imports': [ '7.27.1' ],
656 silly audit   '@babel/helper-plugin-utils': [ '7.27.1' ],
656 silly audit   '@babel/helper-globals': [ '7.28.0' ],
656 silly audit   '@babel/helper-string-parser': [ '7.27.1' ],
656 silly audit   '@jridgewell/sourcemap-codec': [ '1.5.5' ],
656 silly audit   '@jridgewell/resolve-uri': [ '3.1.2' ],
656 silly audit   '@types/babel__generator': [ '7.27.0' ],
656 silly audit   '@types/babel__template': [ '7.4.4' ],
656 silly audit   '@types/babel__traverse': [ '7.28.0' ],
656 silly audit   'baseline-browser-mapping': [ '2.9.6' ],
656 silly audit   'caniuse-lite': [ '1.0.30001760' ],
656 silly audit   'electron-to-chromium': [ '1.5.267' ],
656 silly audit   'node-releases': [ '2.0.27' ],
656 silly audit   'update-browserslist-db': [ '1.2.2' ],
656 silly audit   ms: [ '2.1.3' ],
656 silly audit   yallist: [ '3.1.1' ],
656 silly audit   escalade: [ '3.2.0' ],
656 silly audit   esbuild: [ '0.25.12' ],
656 silly audit   fdir: [ '6.5.0' ],
656 silly audit   fsevents: [ '2.3.3' ],
656 silly audit   picomatch: [ '4.0.3' ],
656 silly audit   postcss: [ '8.5.6' ],
656 silly audit   rollup: [ '4.53.3' ],
656 silly audit   tinyglobby: [ '0.2.15' ],
656 silly audit   '@esbuild/aix-ppc64': [ '0.25.12' ],
656 silly audit   '@esbuild/android-arm': [ '0.25.12' ],
656 silly audit   '@esbuild/android-arm64': [ '0.25.12' ],
656 silly audit   '@esbuild/android-x64': [ '0.25.12' ],
656 silly audit   '@esbuild/darwin-arm64': [ '0.25.12' ],
656 silly audit   '@esbuild/darwin-x64': [ '0.25.12' ],
656 silly audit   '@esbuild/freebsd-arm64': [ '0.25.12' ],
656 silly audit   '@esbuild/freebsd-x64': [ '0.25.12' ],
656 silly audit   '@esbuild/linux-arm': [ '0.25.12' ],
656 silly audit   '@esbuild/linux-arm64': [ '0.25.12' ],
656 silly audit   '@esbuild/linux-ia32': [ '0.25.12' ],
656 silly audit   '@esbuild/linux-loong64': [ '0.25.12' ],
656 silly audit   '@esbuild/linux-mips64el': [ '0.25.12' ],
656 silly audit   '@esbuild/linux-ppc64': [ '0.25.12' ],
656 silly audit   '@esbuild/linux-riscv64': [ '0.25.12' ],
656 silly audit   '@esbuild/linux-s390x': [ '0.25.12' ],
656 silly audit   '@esbuild/linux-x64': [ '0.25.12' ],
656 silly audit   '@esbuild/netbsd-arm64': [ '0.25.12' ],
656 silly audit   '@esbuild/netbsd-x64': [ '0.25.12' ],
656 silly audit   '@esbuild/openbsd-arm64': [ '0.25.12' ],
656 silly audit   '@esbuild/openbsd-x64': [ '0.25.12' ],
656 silly audit   '@esbuild/openharmony-arm64': [ '0.25.12' ],
656 silly audit   '@esbuild/sunos-x64': [ '0.25.12' ],
656 silly audit   '@esbuild/win32-arm64': [ '0.25.12' ],
656 silly audit   '@esbuild/win32-ia32': [ '0.25.12' ],
656 silly audit   '@esbuild/win32-x64': [ '0.25.12' ],
656 silly audit   nanoid: [ '3.3.11' ],
656 silly audit   'source-map-js': [ '1.2.1' ],
656 silly audit   '@rollup/rollup-android-arm-eabi': [ '4.53.3' ],
656 silly audit   '@rollup/rollup-android-arm64': [ '4.53.3' ],
656 silly audit   '@rollup/rollup-darwin-arm64': [ '4.53.3' ],
656 silly audit   '@rollup/rollup-darwin-x64': [ '4.53.3' ],
656 silly audit   '@rollup/rollup-freebsd-arm64': [ '4.53.3' ],
656 silly audit   '@rollup/rollup-freebsd-x64': [ '4.53.3' ],
656 silly audit   '@rollup/rollup-linux-arm-gnueabihf': [ '4.53.3' ],
656 silly audit   '@rollup/rollup-linux-arm-musleabihf': [ '4.53.3' ],
656 silly audit   '@rollup/rollup-linux-arm64-gnu': [ '4.53.3' ],
656 silly audit   '@rollup/rollup-linux-arm64-musl': [ '4.53.3' ],
656 silly audit   '@rollup/rollup-linux-loong64-gnu': [ '4.53.3' ],
656 silly audit   '@rollup/rollup-linux-ppc64-gnu': [ '4.53.3' ],
656 silly audit   '@rollup/rollup-linux-riscv64-gnu': [ '4.53.3' ],
656 silly audit   '@rollup/rollup-linux-riscv64-musl': [ '4.53.3' ],
656 silly audit   '@rollup/rollup-linux-s390x-gnu': [ '4.53.3' ],
656 silly audit   '@rollup/rollup-linux-x64-gnu': [ '4.53.3' ],
656 silly audit   '@rollup/rollup-linux-x64-musl': [ '4.53.3' ],
656 silly audit   '@rollup/rollup-openharmony-arm64': [ '4.53.3' ],
656 silly audit   '@rollup/rollup-win32-arm64-msvc': [ '4.53.3' ],
656 silly audit   '@rollup/rollup-win32-ia32-msvc': [ '4.53.3' ],
656 silly audit   '@rollup/rollup-win32-x64-gnu': [ '4.53.3' ],
656 silly audit   '@rollup/rollup-win32-x64-msvc': [ '4.53.3' ],
656 silly audit   '@types/estree': [ '1.0.8' ]
656 silly audit }
657 http cache @types/estree@https://registry.npmjs.org/@types/estree/-/estree-1.0.8.tgz 0ms (cache hit)
658 http cache source-map-js@https://registry.npmjs.org/source-map-js/-/source-map-js-1.2.1.tgz 0ms (cache hit)
659 http cache nanoid@https://registry.npmjs.org/nanoid/-/nanoid-3.3.11.tgz 0ms (cache hit)
660 http cache @esbuild/darwin-x64@https://registry.npmjs.org/@esbuild/darwin-x64/-/darwin-x64-0.25.12.tgz 1ms (cache hit)
661 http cache tinyglobby@https://registry.npmjs.org/tinyglobby/-/tinyglobby-0.2.15.tgz 0ms (cache hit)
662 http cache rollup@https://registry.npmjs.org/rollup/-/rollup-4.53.3.tgz 0ms (cache hit)
663 http cache postcss@https://registry.npmjs.org/postcss/-/postcss-8.5.6.tgz 0ms (cache hit)
664 http cache picomatch@https://registry.npmjs.org/picomatch/-/picomatch-4.0.3.tgz 0ms (cache hit)
665 http cache fdir@https://registry.npmjs.org/fdir/-/fdir-6.5.0.tgz 0ms (cache hit)
666 http cache fsevents@https://registry.npmjs.org/fsevents/-/fsevents-2.3.3.tgz 0ms (cache hit)
667 http cache esbuild@https://registry.npmjs.org/esbuild/-/esbuild-0.25.12.tgz 0ms (cache hit)
668 http cache escalade@https://registry.npmjs.org/escalade/-/escalade-3.2.0.tgz 0ms (cache hit)
669 http cache yallist@https://registry.npmjs.org/yallist/-/yallist-3.1.1.tgz 0ms (cache hit)
670 http cache ms@https://registry.npmjs.org/ms/-/ms-2.1.3.tgz 0ms (cache hit)
671 http cache update-browserslist-db@https://registry.npmjs.org/update-browserslist-db/-/update-browserslist-db-1.2.2.tgz 0ms (cache hit)
672 http cache node-releases@https://registry.npmjs.org/node-releases/-/node-releases-2.0.27.tgz 0ms (cache hit)
673 http cache electron-to-chromium@https://registry.npmjs.org/electron-to-chromium/-/electron-to-chromium-1.5.267.tgz 0ms (cache hit)
674 http cache caniuse-lite@https://registry.npmjs.org/caniuse-lite/-/caniuse-lite-1.0.30001760.tgz 0ms (cache hit)
675 http cache @rollup/rollup-darwin-x64@https://registry.npmjs.org/@rollup/rollup-darwin-x64/-/rollup-darwin-x64-4.53.3.tgz 0ms (cache hit)
676 http cache baseline-browser-mapping@https://registry.npmjs.org/baseline-browser-mapping/-/baseline-browser-mapping-2.9.6.tgz 0ms (cache hit)
677 http cache @types/babel__traverse@https://registry.npmjs.org/@types/babel__traverse/-/babel__traverse-7.28.0.tgz 0ms (cache hit)
678 http cache @types/babel__template@https://registry.npmjs.org/@types/babel__template/-/babel__template-7.4.4.tgz 0ms (cache hit)
679 http cache @types/babel__generator@https://registry.npmjs.org/@types/babel__generator/-/babel__generator-7.27.0.tgz 0ms (cache hit)
680 http cache @babel/helper-string-parser@https://registry.npmjs.org/@babel/helper-string-parser/-/helper-string-parser-7.27.1.tgz 0ms (cache hit)
681 http cache @jridgewell/resolve-uri@https://registry.npmjs.org/@jridgewell/resolve-uri/-/resolve-uri-3.1.2.tgz 0ms (cache hit)
682 http cache @babel/helper-globals@https://registry.npmjs.org/@babel/helper-globals/-/helper-globals-7.28.0.tgz 0ms (cache hit)
683 http cache @babel/helper-plugin-utils@https://registry.npmjs.org/@babel/helper-plugin-utils/-/helper-plugin-utils-7.27.1.tgz 0ms (cache hit)
684 http cache @babel/helper-module-imports@https://registry.npmjs.org/@babel/helper-module-imports/-/helper-module-imports-7.27.1.tgz 0ms (cache hit)
685 http cache lru-cache@https://registry.npmjs.org/lru-cache/-/lru-cache-5.1.1.tgz 0ms (cache hit)
686 http cache browserslist@https://registry.npmjs.org/browserslist/-/browserslist-4.28.1.tgz 0ms (cache hit)
687 http cache @jridgewell/sourcemap-codec@https://registry.npmjs.org/@jridgewell/sourcemap-codec/-/sourcemap-codec-1.5.5.tgz 0ms (cache hit)
688 http cache @babel/helper-validator-option@https://registry.npmjs.org/@babel/helper-validator-option/-/helper-validator-option-7.27.1.tgz 0ms (cache hit)
689 http cache @babel/compat-data@https://registry.npmjs.org/@babel/compat-data/-/compat-data-7.28.5.tgz 0ms (cache hit)
690 http cache jsesc@https://registry.npmjs.org/jsesc/-/jsesc-3.1.0.tgz 0ms (cache hit)
691 http cache @jridgewell/gen-mapping@https://registry.npmjs.org/@jridgewell/gen-mapping/-/gen-mapping-0.3.13.tgz 0ms (cache hit)
692 http cache picocolors@https://registry.npmjs.org/picocolors/-/picocolors-1.1.1.tgz 0ms (cache hit)
693 http cache @jridgewell/trace-mapping@https://registry.npmjs.org/@jridgewell/trace-mapping/-/trace-mapping-0.3.31.tgz 0ms (cache hit)
694 http cache js-tokens@https://registry.npmjs.org/js-tokens/-/js-tokens-4.0.0.tgz 0ms (cache hit)
695 http cache json5@https://registry.npmjs.org/json5/-/json5-2.2.3.tgz 0ms (cache hit)
696 http cache semver@https://registry.npmjs.org/semver/-/semver-6.3.1.tgz 0ms (cache hit)
697 http cache @babel/helper-validator-identifier@https://registry.npmjs.org/@babel/helper-validator-identifier/-/helper-validator-identifier-7.28.5.tgz 0ms (cache hit)
698 http cache debug@https://registry.npmjs.org/debug/-/debug-4.4.3.tgz 0ms (cache hit)
699 http cache gensync@https://registry.npmjs.org/gensync/-/gensync-1.0.0-beta.2.tgz 0ms (cache hit)
700 http cache convert-source-map@https://registry.npmjs.org/convert-source-map/-/convert-source-map-2.0.0.tgz 0ms (cache hit)
701 http cache @jridgewell/remapping@https://registry.npmjs.org/@jridgewell/remapping/-/remapping-2.3.5.tgz 0ms (cache hit)
702 http cache @babel/types@https://registry.npmjs.org/@babel/types/-/types-7.28.5.tgz 0ms (cache hit)
703 http cache @babel/template@https://registry.npmjs.org/@babel/template/-/template-7.27.2.tgz 0ms (cache hit)
704 http cache @babel/traverse@https://registry.npmjs.org/@babel/traverse/-/traverse-7.28.5.tgz 0ms (cache hit)
705 http cache @babel/helpers@https://registry.npmjs.org/@babel/helpers/-/helpers-7.28.4.tgz 0ms (cache hit)
706 http cache @babel/parser@https://registry.npmjs.org/@babel/parser/-/parser-7.28.5.tgz 0ms (cache hit)
707 http cache @babel/helper-module-transforms@https://registry.npmjs.org/@babel/helper-module-transforms/-/helper-module-transforms-7.28.3.tgz 0ms (cache hit)
708 http cache @babel/helper-compilation-targets@https://registry.npmjs.org/@babel/helper-compilation-targets/-/helper-compilation-targets-7.27.2.tgz 0ms (cache hit)
709 http cache @babel/code-frame@https://registry.npmjs.org/@babel/code-frame/-/code-frame-7.27.1.tgz 0ms (cache hit)
710 http cache @babel/generator@https://registry.npmjs.org/@babel/generator/-/generator-7.28.5.tgz 0ms (cache hit)
711 http cache react-refresh@https://registry.npmjs.org/react-refresh/-/react-refresh-0.18.0.tgz 0ms (cache hit)
712 http cache @types/babel__core@https://registry.npmjs.org/@types/babel__core/-/babel__core-7.20.5.tgz 0ms (cache hit)
713 http cache @rolldown/pluginutils@https://registry.npmjs.org/@rolldown/pluginutils/-/pluginutils-1.0.0-beta.53.tgz 0ms (cache hit)
714 http cache @babel/plugin-transform-react-jsx-source@https://registry.npmjs.org/@babel/plugin-transform-react-jsx-source/-/plugin-transform-react-jsx-source-7.27.1.tgz 0ms (cache hit)
715 http cache @babel/core@https://registry.npmjs.org/@babel/core/-/core-7.28.5.tgz 0ms (cache hit)
716 http cache @babel/plugin-transform-react-jsx-self@https://registry.npmjs.org/@babel/plugin-transform-react-jsx-self/-/plugin-transform-react-jsx-self-7.27.1.tgz 0ms (cache hit)
717 http cache vite@https://registry.npmjs.org/vite/-/vite-7.2.7.tgz 0ms (cache hit)
718 http cache @vitejs/plugin-react@https://registry.npmjs.org/@vitejs/plugin-react/-/plugin-react-5.1.2.tgz 0ms (cache hit)
719 silly tarball no local data for @types/estree@https://registry.npmjs.org/@types/estree/-/estree-1.0.8.tgz. Extracting by manifest.
720 silly tarball no local data for source-map-js@https://registry.npmjs.org/source-map-js/-/source-map-js-1.2.1.tgz. Extracting by manifest.
721 silly tarball no local data for nanoid@https://registry.npmjs.org/nanoid/-/nanoid-3.3.11.tgz. Extracting by manifest.
722 silly tarball no local data for @esbuild/darwin-x64@https://registry.npmjs.org/@esbuild/darwin-x64/-/darwin-x64-0.25.12.tgz. Extracting by manifest.
723 silly tarball no local data for tinyglobby@https://registry.npmjs.org/tinyglobby/-/tinyglobby-0.2.15.tgz. Extracting by manifest.
724 silly tarball no local data for rollup@https://registry.npmjs.org/rollup/-/rollup-4.53.3.tgz. Extracting by manifest.
725 silly tarball no local data for postcss@https://registry.npmjs.org/postcss/-/postcss-8.5.6.tgz. Extracting by manifest.
726 silly tarball no local data for picomatch@https://registry.npmjs.org/picomatch/-/picomatch-4.0.3.tgz. Extracting by manifest.
727 silly tarball no local data for fdir@https://registry.npmjs.org/fdir/-/fdir-6.5.0.tgz. Extracting by manifest.
728 silly tarball no local data for fsevents@https://registry.npmjs.org/fsevents/-/fsevents-2.3.3.tgz. Extracting by manifest.
729 silly tarball no local data for esbuild@https://registry.npmjs.org/esbuild/-/esbuild-0.25.12.tgz. Extracting by manifest.
730 silly tarball no local data for escalade@https://registry.npmjs.org/escalade/-/escalade-3.2.0.tgz. Extracting by manifest.
731 silly tarball no local data for yallist@https://registry.npmjs.org/yallist/-/yallist-3.1.1.tgz. Extracting by manifest.
732 silly tarball no local data for ms@https://registry.npmjs.org/ms/-/ms-2.1.3.tgz. Extracting by manifest.
733 silly tarball no local data for update-browserslist-db@https://registry.npmjs.org/update-browserslist-db/-/update-browserslist-db-1.2.2.tgz. Extracting by manifest.
734 silly tarball no local data for node-releases@https://registry.npmjs.org/node-releases/-/node-releases-2.0.27.tgz. Extracting by manifest.
735 silly tarball no local data for electron-to-chromium@https://registry.npmjs.org/electron-to-chromium/-/electron-to-chromium-1.5.267.tgz. Extracting by manifest.
736 silly tarball no local data for caniuse-lite@https://registry.npmjs.org/caniuse-lite/-/caniuse-lite-1.0.30001760.tgz. Extracting by manifest.
737 silly tarball no local data for @rollup/rollup-darwin-x64@https://registry.npmjs.org/@rollup/rollup-darwin-x64/-/rollup-darwin-x64-4.53.3.tgz. Extracting by manifest.
738 silly tarball no local data for baseline-browser-mapping@https://registry.npmjs.org/baseline-browser-mapping/-/baseline-browser-mapping-2.9.6.tgz. Extracting by manifest.
739 silly tarball no local data for @types/babel__traverse@https://registry.npmjs.org/@types/babel__traverse/-/babel__traverse-7.28.0.tgz. Extracting by manifest.
740 silly tarball no local data for @types/babel__template@https://registry.npmjs.org/@types/babel__template/-/babel__template-7.4.4.tgz. Extracting by manifest.
741 silly tarball no local data for @types/babel__generator@https://registry.npmjs.org/@types/babel__generator/-/babel__generator-7.27.0.tgz. Extracting by manifest.
742 silly tarball no local data for @babel/helper-string-parser@https://registry.npmjs.org/@babel/helper-string-parser/-/helper-string-parser-7.27.1.tgz. Extracting by manifest.
743 silly tarball no local data for @jridgewell/resolve-uri@https://registry.npmjs.org/@jridgewell/resolve-uri/-/resolve-uri-3.1.2.tgz. Extracting by manifest.
744 silly tarball no local data for @babel/helper-globals@https://registry.npmjs.org/@babel/helper-globals/-/helper-globals-7.28.0.tgz. Extracting by manifest.
745 silly tarball no local data for @babel/helper-plugin-utils@https://registry.npmjs.org/@babel/helper-plugin-utils/-/helper-plugin-utils-7.27.1.tgz. Extracting by manifest.
746 silly tarball no local data for @babel/helper-module-imports@https://registry.npmjs.org/@babel/helper-module-imports/-/helper-module-imports-7.27.1.tgz. Extracting by manifest.
747 silly tarball no local data for lru-cache@https://registry.npmjs.org/lru-cache/-/lru-cache-5.1.1.tgz. Extracting by manifest.
748 silly tarball no local data for browserslist@https://registry.npmjs.org/browserslist/-/browserslist-4.28.1.tgz. Extracting by manifest.
749 silly tarball no local data for @jridgewell/sourcemap-codec@https://registry.npmjs.org/@jridgewell/sourcemap-codec/-/sourcemap-codec-1.5.5.tgz. Extracting by manifest.
750 silly tarball no local data for @babel/helper-validator-option@https://registry.npmjs.org/@babel/helper-validator-option/-/helper-validator-option-7.27.1.tgz. Extracting by manifest.
751 silly tarball no local data for @babel/compat-data@https://registry.npmjs.org/@babel/compat-data/-/compat-data-7.28.5.tgz. Extracting by manifest.
752 silly tarball no local data for jsesc@https://registry.npmjs.org/jsesc/-/jsesc-3.1.0.tgz. Extracting by manifest.
753 silly tarball no local data for @jridgewell/gen-mapping@https://registry.npmjs.org/@jridgewell/gen-mapping/-/gen-mapping-0.3.13.tgz. Extracting by manifest.
754 silly tarball no local data for picocolors@https://registry.npmjs.org/picocolors/-/picocolors-1.1.1.tgz. Extracting by manifest.
755 silly tarball no local data for @jridgewell/trace-mapping@https://registry.npmjs.org/@jridgewell/trace-mapping/-/trace-mapping-0.3.31.tgz. Extracting by manifest.
756 silly tarball no local data for js-tokens@https://registry.npmjs.org/js-tokens/-/js-tokens-4.0.0.tgz. Extracting by manifest.
757 silly tarball no local data for json5@https://registry.npmjs.org/json5/-/json5-2.2.3.tgz. Extracting by manifest.
758 silly tarball no local data for semver@https://registry.npmjs.org/semver/-/semver-6.3.1.tgz. Extracting by manifest.
759 silly tarball no local data for @babel/helper-validator-identifier@https://registry.npmjs.org/@babel/helper-validator-identifier/-/helper-validator-identifier-7.28.5.tgz. Extracting by manifest.
760 silly tarball no local data for debug@https://registry.npmjs.org/debug/-/debug-4.4.3.tgz. Extracting by manifest.
761 silly tarball no local data for gensync@https://registry.npmjs.org/gensync/-/gensync-1.0.0-beta.2.tgz. Extracting by manifest.
762 silly tarball no local data for convert-source-map@https://registry.npmjs.org/convert-source-map/-/convert-source-map-2.0.0.tgz. Extracting by manifest.
763 silly tarball no local data for @jridgewell/remapping@https://registry.npmjs.org/@jridgewell/remapping/-/remapping-2.3.5.tgz. Extracting by manifest.
764 silly tarball no local data for @babel/types@https://registry.npmjs.org/@babel/types/-/types-7.28.5.tgz. Extracting by manifest.
765 silly tarball no local data for @babel/template@https://registry.npmjs.org/@babel/template/-/template-7.27.2.tgz. Extracting by manifest.
766 silly tarball no local data for @babel/traverse@https://registry.npmjs.org/@babel/traverse/-/traverse-7.28.5.tgz. Extracting by manifest.
767 silly tarball no local data for @babel/helpers@https://registry.npmjs.org/@babel/helpers/-/helpers-7.28.4.tgz. Extracting by manifest.
768 silly tarball no local data for @babel/parser@https://registry.npmjs.org/@babel/parser/-/parser-7.28.5.tgz. Extracting by manifest.
769 silly tarball no local data for @babel/helper-module-transforms@https://registry.npmjs.org/@babel/helper-module-transforms/-/helper-module-transforms-7.28.3.tgz. Extracting by manifest.
770 silly tarball no local data for @babel/helper-compilation-targets@https://registry.npmjs.org/@babel/helper-compilation-targets/-/helper-compilation-targets-7.27.2.tgz. Extracting by manifest.
771 silly tarball no local data for @babel/code-frame@https://registry.npmjs.org/@babel/code-frame/-/code-frame-7.27.1.tgz. Extracting by manifest.
772 silly tarball no local data for @babel/generator@https://registry.npmjs.org/@babel/generator/-/generator-7.28.5.tgz. Extracting by manifest.
773 silly tarball no local data for react-refresh@https://registry.npmjs.org/react-refresh/-/react-refresh-0.18.0.tgz. Extracting by manifest.
774 silly tarball no local data for @types/babel__core@https://registry.npmjs.org/@types/babel__core/-/babel__core-7.20.5.tgz. Extracting by manifest.
775 silly tarball no local data for @rolldown/pluginutils@https://registry.npmjs.org/@rolldown/pluginutils/-/pluginutils-1.0.0-beta.53.tgz. Extracting by manifest.
776 silly tarball no local data for @babel/plugin-transform-react-jsx-source@https://registry.npmjs.org/@babel/plugin-transform-react-jsx-source/-/plugin-transform-react-jsx-source-7.27.1.tgz. Extracting by manifest.
777 silly tarball no local data for @babel/core@https://registry.npmjs.org/@babel/core/-/core-7.28.5.tgz. Extracting by manifest.
778 silly tarball no local data for @babel/plugin-transform-react-jsx-self@https://registry.npmjs.org/@babel/plugin-transform-react-jsx-self/-/plugin-transform-react-jsx-self-7.27.1.tgz. Extracting by manifest.
779 silly tarball no local data for vite@https://registry.npmjs.org/vite/-/vite-7.2.7.tgz. Extracting by manifest.
780 silly tarball no local data for @vitejs/plugin-react@https://registry.npmjs.org/@vitejs/plugin-react/-/plugin-react-5.1.2.tgz. Extracting by manifest.
781 http fetch POST 200 https://registry.npmjs.org/-/npm/v1/security/advisories/bulk 374ms
782 silly audit report {}
783 http fetch GET 200 https://registry.npmjs.org/update-browserslist-db/-/update-browserslist-db-1.2.2.tgz 416ms (cache miss)
784 http fetch GET 200 https://registry.npmjs.org/node-releases/-/node-releases-2.0.27.tgz 468ms (cache miss)
785 http fetch GET 200 https://registry.npmjs.org/postcss/-/postcss-8.5.6.tgz 596ms (cache miss)
786 http fetch GET 200 https://registry.npmjs.org/fdir/-/fdir-6.5.0.tgz 637ms (cache miss)
787 http fetch GET 200 https://registry.npmjs.org/@types/estree/-/estree-1.0.8.tgz 800ms (cache miss)
788 http fetch GET 200 https://registry.npmjs.org/source-map-js/-/source-map-js-1.2.1.tgz 927ms (cache miss)
789 http fetch GET 200 https://registry.npmjs.org/electron-to-chromium/-/electron-to-chromium-1.5.267.tgz 968ms (cache miss)
790 http fetch GET 200 https://registry.npmjs.org/ms/-/ms-2.1.3.tgz 1500ms (cache miss)
791 http fetch GET 200 https://registry.npmjs.org/@types/babel__template/-/babel__template-7.4.4.tgz 1753ms (cache miss)
792 http fetch GET 200 https://registry.npmjs.org/nanoid/-/nanoid-3.3.11.tgz 1913ms (cache miss)
793 http fetch GET 200 https://registry.npmjs.org/@types/babel__generator/-/babel__generator-7.27.0.tgz 2158ms (cache miss)
794 http fetch GET 200 https://registry.npmjs.org/@types/babel__traverse/-/babel__traverse-7.28.0.tgz 2347ms (cache miss)
795 http fetch GET 200 https://registry.npmjs.org/baseline-browser-mapping/-/baseline-browser-mapping-2.9.6.tgz 2398ms (cache miss)
796 http fetch GET 200 https://registry.npmjs.org/caniuse-lite/-/caniuse-lite-1.0.30001760.tgz 2588ms (cache miss)
797 http fetch GET 200 https://registry.npmjs.org/@jridgewell/resolve-uri/-/resolve-uri-3.1.2.tgz 2929ms (cache miss)
798 http fetch GET 200 https://registry.npmjs.org/@babel/helper-string-parser/-/helper-string-parser-7.27.1.tgz 3030ms (cache miss)
799 http fetch GET 200 https://registry.npmjs.org/@babel/helper-plugin-utils/-/helper-plugin-utils-7.27.1.tgz 3091ms (cache miss)
800 http fetch GET 200 https://registry.npmjs.org/yallist/-/yallist-3.1.1.tgz 3321ms (cache miss)
801 http fetch GET 200 https://registry.npmjs.org/@babel/helper-validator-option/-/helper-validator-option-7.27.1.tgz 3373ms (cache miss)
802 http fetch GET 200 https://registry.npmjs.org/lru-cache/-/lru-cache-5.1.1.tgz 3481ms (cache miss)
803 http fetch GET 200 https://registry.npmjs.org/escalade/-/escalade-3.2.0.tgz 3596ms (cache miss)
804 http fetch GET 200 https://registry.npmjs.org/@jridgewell/sourcemap-codec/-/sourcemap-codec-1.5.5.tgz 3879ms (cache miss)
805 http fetch GET 200 https://registry.npmjs.org/jsesc/-/jsesc-3.1.0.tgz 3940ms (cache miss)
806 http fetch GET 200 https://registry.npmjs.org/browserslist/-/browserslist-4.28.1.tgz 4059ms (cache miss)
807 http fetch GET 200 https://registry.npmjs.org/picomatch/-/picomatch-4.0.3.tgz 4102ms (cache miss)
808 http fetch GET 200 https://registry.npmjs.org/picocolors/-/picocolors-1.1.1.tgz 4175ms (cache miss)
809 http fetch GET 200 https://registry.npmjs.org/@jridgewell/gen-mapping/-/gen-mapping-0.3.13.tgz 4269ms (cache miss)
810 http fetch GET 200 https://registry.npmjs.org/debug/-/debug-4.4.3.tgz 4451ms (cache miss)
811 http fetch GET 200 https://registry.npmjs.org/@babel/helper-module-imports/-/helper-module-imports-7.27.1.tgz 4525ms (cache miss)
812 http fetch GET 200 https://registry.npmjs.org/gensync/-/gensync-1.0.0-beta.2.tgz 4583ms (cache miss)
813 http fetch GET 200 https://registry.npmjs.org/esbuild/-/esbuild-0.25.12.tgz 4646ms (cache miss)
814 http fetch GET 200 https://registry.npmjs.org/@jridgewell/remapping/-/remapping-2.3.5.tgz 4862ms (cache miss)
815 http fetch GET 200 https://registry.npmjs.org/json5/-/json5-2.2.3.tgz 4867ms (cache miss)
816 http fetch GET 200 https://registry.npmjs.org/fsevents/-/fsevents-2.3.3.tgz 4967ms (cache miss)
817 http fetch GET 200 https://registry.npmjs.org/@babel/template/-/template-7.27.2.tgz 5200ms (cache miss)
818 http fetch GET 200 https://registry.npmjs.org/@babel/helper-globals/-/helper-globals-7.28.0.tgz 5223ms (cache miss)
819 http fetch GET 200 https://registry.npmjs.org/convert-source-map/-/convert-source-map-2.0.0.tgz 5268ms (cache miss)
820 http fetch GET 200 https://registry.npmjs.org/@jridgewell/trace-mapping/-/trace-mapping-0.3.31.tgz 5563ms (cache miss)
821 http fetch GET 200 https://registry.npmjs.org/@babel/helper-validator-identifier/-/helper-validator-identifier-7.28.5.tgz 5601ms (cache miss)
822 http fetch GET 200 https://registry.npmjs.org/@babel/compat-data/-/compat-data-7.28.5.tgz 5607ms (cache miss)
823 http fetch GET 200 https://registry.npmjs.org/tinyglobby/-/tinyglobby-0.2.15.tgz 5700ms (cache miss)
824 http fetch GET 200 https://registry.npmjs.org/@babel/helper-compilation-targets/-/helper-compilation-targets-7.27.2.tgz 5806ms (cache miss)
825 http fetch GET 200 https://registry.npmjs.org/js-tokens/-/js-tokens-4.0.0.tgz 5821ms (cache miss)
826 http fetch GET 200 https://registry.npmjs.org/@babel/plugin-transform-react-jsx-source/-/plugin-transform-react-jsx-source-7.27.1.tgz 6372ms (cache miss)
827 http fetch GET 200 https://registry.npmjs.org/@babel/code-frame/-/code-frame-7.27.1.tgz 6564ms (cache miss)
828 http fetch GET 200 https://registry.npmjs.org/@types/babel__core/-/babel__core-7.20.5.tgz 6959ms (cache miss)
829 http fetch GET 200 https://registry.npmjs.org/semver/-/semver-6.3.1.tgz 7230ms (cache miss)
830 http fetch GET 200 https://registry.npmjs.org/@rolldown/pluginutils/-/pluginutils-1.0.0-beta.53.tgz 7335ms (cache miss)
831 http fetch GET 200 https://registry.npmjs.org/@babel/plugin-transform-react-jsx-self/-/plugin-transform-react-jsx-self-7.27.1.tgz 7458ms (cache miss)
832 http fetch GET 200 https://registry.npmjs.org/@babel/traverse/-/traverse-7.28.5.tgz 8108ms (cache miss)
833 http fetch GET 200 https://registry.npmjs.org/@babel/types/-/types-7.28.5.tgz 8268ms (cache miss)
834 http fetch GET 200 https://registry.npmjs.org/react-refresh/-/react-refresh-0.18.0.tgz 8736ms (cache miss)
835 http fetch GET 200 https://registry.npmjs.org/@babel/helper-module-transforms/-/helper-module-transforms-7.28.3.tgz 8758ms (cache miss)
836 http fetch GET 200 https://registry.npmjs.org/@vitejs/plugin-react/-/plugin-react-5.1.2.tgz 8787ms (cache miss)
837 http fetch GET 200 https://registry.npmjs.org/@babel/core/-/core-7.28.5.tgz 9059ms (cache miss)
838 http fetch GET 200 https://registry.npmjs.org/rollup/-/rollup-4.53.3.tgz 10081ms (cache miss)
839 http fetch GET 200 https://registry.npmjs.org/@babel/generator/-/generator-7.28.5.tgz 10204ms (cache miss)
840 http fetch GET 200 https://registry.npmjs.org/vite/-/vite-7.2.7.tgz 12868ms (cache miss)
841 http fetch GET 200 https://registry.npmjs.org/@babel/parser/-/parser-7.28.5.tgz 13915ms (cache miss)
842 http fetch GET 200 https://registry.npmjs.org/@babel/helpers/-/helpers-7.28.4.tgz 14285ms (cache miss)
843 http fetch GET 200 https://registry.npmjs.org/@rollup/rollup-darwin-x64/-/rollup-darwin-x64-4.53.3.tgz 26829ms (cache miss)
844 http fetch GET 200 https://registry.npmjs.org/@esbuild/darwin-x64/-/darwin-x64-0.25.12.tgz 32001ms (cache miss)
845 info run fsevents@2.3.3 install node_modules/fsevents node-gyp rebuild
846 info run fsevents@2.3.3 install { code: 1, signal: null }
847 verbose reify failed optional dependency /Users/asadullah/Desktop/stackoceansai/node_modules/fsevents
848 silly reify mark deleted [ '/Users/asadullah/Desktop/stackoceansai/node_modules/fsevents' ]
849 info run esbuild@0.25.12 postinstall node_modules/esbuild node install.js
850 info run esbuild@0.25.12 postinstall { code: 0, signal: null }
851 silly ADD node_modules/@types/estree
852 silly ADD node_modules/@rollup/rollup-darwin-x64
853 silly ADD node_modules/source-map-js
854 silly ADD node_modules/nanoid
855 silly ADD node_modules/@esbuild/darwin-x64
856 silly ADD node_modules/tinyglobby
857 silly ADD node_modules/rollup
858 silly ADD node_modules/postcss
859 silly ADD node_modules/picomatch
860 silly ADD
861 silly ADD node_modules/fdir
862 silly ADD node_modules/esbuild
863 silly ADD node_modules/escalade
864 silly ADD node_modules/yallist
865 silly ADD node_modules/ms
866 silly ADD node_modules/update-browserslist-db
867 silly ADD node_modules/node-releases
868 silly ADD node_modules/electron-to-chromium
869 silly ADD node_modules/caniuse-lite
870 silly ADD node_modules/baseline-browser-mapping
871 silly ADD node_modules/@types/babel__traverse
872 silly ADD node_modules/@types/babel__template
873 silly ADD node_modules/@types/babel__generator
874 silly ADD node_modules/@jridgewell/resolve-uri
875 silly ADD node_modules/@jridgewell/sourcemap-codec
876 silly ADD node_modules/@babel/helper-string-parser
877 silly ADD node_modules/@babel/helper-globals
878 silly ADD node_modules/@babel/helper-plugin-utils
879 silly ADD node_modules/@babel/helper-module-imports
880 silly ADD node_modules/lru-cache
881 silly ADD node_modules/browserslist
882 silly ADD node_modules/@babel/helper-validator-option
883 silly ADD node_modules/@babel/compat-data
884 silly ADD node_modules/jsesc
885 silly ADD node_modules/@jridgewell/trace-mapping
886 silly ADD node_modules/@jridgewell/gen-mapping
887 silly ADD node_modules/picocolors
888 silly ADD node_modules/js-tokens
889 silly ADD node_modules/@babel/helper-validator-identifier
890 silly ADD node_modules/semver
891 silly ADD node_modules/json5
892 silly ADD node_modules/gensync
893 silly ADD node_modules/debug
894 silly ADD node_modules/convert-source-map
895 silly ADD node_modules/@jridgewell/remapping
896 silly ADD node_modules/@babel/types
897 silly ADD node_modules/@babel/traverse
898 silly ADD node_modules/@babel/template
899 silly ADD node_modules/@babel/parser
900 silly ADD node_modules/@babel/helpers
901 silly ADD node_modules/@babel/helper-module-transforms
902 silly ADD node_modules/@babel/helper-compilation-targets
903 silly ADD node_modules/@babel/generator
904 silly ADD node_modules/@babel/code-frame
905 silly ADD node_modules/react-refresh
906 silly ADD node_modules/@types/babel__core
907 silly ADD node_modules/@rolldown/pluginutils
908 silly ADD node_modules/@babel/plugin-transform-react-jsx-source
909 silly ADD node_modules/@babel/plugin-transform-react-jsx-self
910 silly ADD node_modules/@babel/core
911 silly ADD node_modules/vite
912 silly ADD node_modules/@vitejs/plugin-react
913 verbose cwd /Users/asadullah/Desktop/stackoceansai
914 verbose os Darwin 22.6.0
915 verbose node v24.11.1
916 verbose npm  v11.6.2
917 verbose exit 0
918 info ok
