0 verbose cli /usr/local/bin/node /usr/local/bin/npm
1 info using npm@11.6.2
2 info using node@v24.11.1
3 silly config load:file:/usr/local/lib/node_modules/npm/npmrc
4 silly config load:file:/Users/asadullah/Desktop/stackoceansai/.npmrc
5 silly config load:file:/Users/asadullah/.npmrc
6 silly config load:file:/usr/local/etc/npmrc
7 verbose title npm install lucide-react
8 verbose argv "install" "lucide-react" "--cache" "./.npm-cache"
9 verbose logfile logs-max:10 dir:/Users/asadullah/Desktop/stackoceansai/.npm-cache/_logs/2025-12-11T15_00_14_987Z-
10 verbose logfile /Users/asadullah/Desktop/stackoceansai/.npm-cache/_logs/2025-12-11T15_00_14_987Z-debug-0.log
11 silly logfile done cleaning log files
12 silly packumentCache heap:4496293888 maxSize:1124073472 maxEntrySize:562036736
13 verbose shrinkwrap failed to load node_modules/.package-lock.json out of date, updated: node_modules
14 silly idealTree buildDeps
15 silly fetch manifest lucide-react@*
16 silly packumentCache full:https://registry.npmjs.org/lucide-react cache-miss
17 http fetch GET 200 https://registry.npmjs.org/lucide-react 2278ms (cache miss)
18 silly packumentCache full:https://registry.npmjs.org/lucide-react set size:undefined disposed:false
19 silly fetch manifest react@^19.2.1
20 silly packumentCache full:https://registry.npmjs.org/react cache-miss
21 http fetch GET 200 https://registry.npmjs.org/react 182ms (cache revalidated)
22 silly packumentCache full:https://registry.npmjs.org/react set size:6320654 disposed:false
23 silly placeDep ROOT lucide-react@0.560.0 OK for: stackoceansai@1.0.0 want: *
24 silly reify moves {}
25 silly audit bulk request {
25 silly audit   '@babel/code-frame': [ '7.27.1' ],
25 silly audit   '@babel/compat-data': [ '7.28.5' ],
25 silly audit   '@babel/core': [ '7.28.5' ],
25 silly audit   '@babel/generator': [ '7.28.5' ],
25 silly audit   '@babel/helper-compilation-targets': [ '7.27.2' ],
25 silly audit   '@babel/helper-globals': [ '7.28.0' ],
25 silly audit   '@babel/helper-module-imports': [ '7.27.1' ],
25 silly audit   '@babel/helper-module-transforms': [ '7.28.3' ],
25 silly audit   '@babel/helper-plugin-utils': [ '7.27.1' ],
25 silly audit   '@babel/helper-string-parser': [ '7.27.1' ],
25 silly audit   '@babel/helper-validator-identifier': [ '7.28.5' ],
25 silly audit   '@babel/helper-validator-option': [ '7.27.1' ],
25 silly audit   '@babel/helpers': [ '7.28.4' ],
25 silly audit   '@babel/parser': [ '7.28.5' ],
25 silly audit   '@babel/plugin-transform-react-jsx-self': [ '7.27.1' ],
25 silly audit   '@babel/plugin-transform-react-jsx-source': [ '7.27.1' ],
25 silly audit   '@babel/template': [ '7.27.2' ],
25 silly audit   '@babel/traverse': [ '7.28.5' ],
25 silly audit   '@babel/types': [ '7.28.5' ],
25 silly audit   '@esbuild/aix-ppc64': [ '0.25.12' ],
25 silly audit   '@esbuild/android-arm': [ '0.25.12' ],
25 silly audit   '@esbuild/android-arm64': [ '0.25.12' ],
25 silly audit   '@esbuild/android-x64': [ '0.25.12' ],
25 silly audit   '@esbuild/darwin-arm64': [ '0.25.12' ],
25 silly audit   '@esbuild/darwin-x64': [ '0.25.12' ],
25 silly audit   '@esbuild/freebsd-arm64': [ '0.25.12' ],
25 silly audit   '@esbuild/freebsd-x64': [ '0.25.12' ],
25 silly audit   '@esbuild/linux-arm': [ '0.25.12' ],
25 silly audit   '@esbuild/linux-arm64': [ '0.25.12' ],
25 silly audit   '@esbuild/linux-ia32': [ '0.25.12' ],
25 silly audit   '@esbuild/linux-loong64': [ '0.25.12' ],
25 silly audit   '@esbuild/linux-mips64el': [ '0.25.12' ],
25 silly audit   '@esbuild/linux-ppc64': [ '0.25.12' ],
25 silly audit   '@esbuild/linux-riscv64': [ '0.25.12' ],
25 silly audit   '@esbuild/linux-s390x': [ '0.25.12' ],
25 silly audit   '@esbuild/linux-x64': [ '0.25.12' ],
25 silly audit   '@esbuild/netbsd-arm64': [ '0.25.12' ],
25 silly audit   '@esbuild/netbsd-x64': [ '0.25.12' ],
25 silly audit   '@esbuild/openbsd-arm64': [ '0.25.12' ],
25 silly audit   '@esbuild/openbsd-x64': [ '0.25.12' ],
25 silly audit   '@esbuild/openharmony-arm64': [ '0.25.12' ],
25 silly audit   '@esbuild/sunos-x64': [ '0.25.12' ],
25 silly audit   '@esbuild/win32-arm64': [ '0.25.12' ],
25 silly audit   '@esbuild/win32-ia32': [ '0.25.12' ],
25 silly audit   '@esbuild/win32-x64': [ '0.25.12' ],
25 silly audit   '@hookform/resolvers': [ '5.2.2' ],
25 silly audit   '@jridgewell/gen-mapping': [ '0.3.13' ],
25 silly audit   '@jridgewell/remapping': [ '2.3.5' ],
25 silly audit   '@jridgewell/resolve-uri': [ '3.1.2' ],
25 silly audit   '@jridgewell/sourcemap-codec': [ '1.5.5' ],
25 silly audit   '@jridgewell/trace-mapping': [ '0.3.31' ],
25 silly audit   '@reduxjs/toolkit': [ '2.11.1' ],
25 silly audit   '@rolldown/pluginutils': [ '1.0.0-beta.53' ],
25 silly audit   '@rollup/rollup-android-arm-eabi': [ '4.53.3' ],
25 silly audit   '@rollup/rollup-android-arm64': [ '4.53.3' ],
25 silly audit   '@rollup/rollup-darwin-arm64': [ '4.53.3' ],
25 silly audit   '@rollup/rollup-darwin-x64': [ '4.53.3' ],
25 silly audit   '@rollup/rollup-freebsd-arm64': [ '4.53.3' ],
25 silly audit   '@rollup/rollup-freebsd-x64': [ '4.53.3' ],
25 silly audit   '@rollup/rollup-linux-arm-gnueabihf': [ '4.53.3' ],
25 silly audit   '@rollup/rollup-linux-arm-musleabihf': [ '4.53.3' ],
25 silly audit   '@rollup/rollup-linux-arm64-gnu': [ '4.53.3' ],
25 silly audit   '@rollup/rollup-linux-arm64-musl': [ '4.53.3' ],
25 silly audit   '@rollup/rollup-linux-loong64-gnu': [ '4.53.3' ],
25 silly audit   '@rollup/rollup-linux-ppc64-gnu': [ '4.53.3' ],
25 silly audit   '@rollup/rollup-linux-riscv64-gnu': [ '4.53.3' ],
25 silly audit   '@rollup/rollup-linux-riscv64-musl': [ '4.53.3' ],
25 silly audit   '@rollup/rollup-linux-s390x-gnu': [ '4.53.3' ],
25 silly audit   '@rollup/rollup-linux-x64-gnu': [ '4.53.3' ],
25 silly audit   '@rollup/rollup-linux-x64-musl': [ '4.53.3' ],
25 silly audit   '@rollup/rollup-openharmony-arm64': [ '4.53.3' ],
25 silly audit   '@rollup/rollup-win32-arm64-msvc': [ '4.53.3' ],
25 silly audit   '@rollup/rollup-win32-ia32-msvc': [ '4.53.3' ],
25 silly audit   '@rollup/rollup-win32-x64-gnu': [ '4.53.3' ],
25 silly audit   '@rollup/rollup-win32-x64-msvc': [ '4.53.3' ],
25 silly audit   '@standard-schema/spec': [ '1.0.0' ],
25 silly audit   '@standard-schema/utils': [ '0.3.0' ],
25 silly audit   '@types/babel__core': [ '7.20.5' ],
25 silly audit   '@types/babel__generator': [ '7.27.0' ],
25 silly audit   '@types/babel__template': [ '7.4.4' ],
25 silly audit   '@types/babel__traverse': [ '7.28.0' ],
25 silly audit   '@types/estree': [ '1.0.8' ],
25 silly audit   '@types/use-sync-external-store': [ '0.0.6' ],
25 silly audit   '@vitejs/plugin-react': [ '5.1.2' ],
25 silly audit   'baseline-browser-mapping': [ '2.9.6' ],
25 silly audit   browserslist: [ '4.28.1' ],
25 silly audit   'caniuse-lite': [ '1.0.30001760' ],
25 silly audit   classnames: [ '2.5.1' ],
25 silly audit   'convert-source-map': [ '2.0.0' ],
25 silly audit   cookie: [ '1.1.1' ],
25 silly audit   csstype: [ '3.2.3' ],
25 silly audit   debug: [ '4.4.3' ],
25 silly audit   echarts: [ '6.0.0' ],
25 silly audit   'echarts-for-react': [ '3.0.5' ],
25 silly audit   'electron-to-chromium': [ '1.5.267' ],
25 silly audit   esbuild: [ '0.25.12' ],
25 silly audit   escalade: [ '3.2.0' ],
25 silly audit   'fast-deep-equal': [ '3.1.3' ],
25 silly audit   fdir: [ '6.5.0' ],
25 silly audit   'framer-motion': [ '12.23.26' ],
25 silly audit   tslib: [ '2.8.1', '2.3.0' ],
25 silly audit   fsevents: [ '2.3.3' ],
25 silly audit   gensync: [ '1.0.0-beta.2' ],
25 silly audit   goober: [ '2.1.18' ],
25 silly audit   immer: [ '11.0.1' ],
25 silly audit   'js-tokens': [ '4.0.0' ],
25 silly audit   jsesc: [ '3.1.0' ],
25 silly audit   json5: [ '2.2.3' ],
25 silly audit   'lru-cache': [ '5.1.1' ],
25 silly audit   'motion-dom': [ '12.23.23' ],
25 silly audit   'motion-utils': [ '12.23.6' ],
25 silly audit   ms: [ '2.1.3' ],
25 silly audit   nanoid: [ '3.3.11' ],
25 silly audit   'node-releases': [ '2.0.27' ],
25 silly audit   picocolors: [ '1.1.1' ],
25 silly audit   picomatch: [ '4.0.3' ],
25 silly audit   postcss: [ '8.5.6' ],
25 silly audit   react: [ '19.2.1' ],
25 silly audit   'react-dom': [ '19.2.1' ],
25 silly audit   'react-hook-form': [ '7.68.0' ],
25 silly audit   'react-hot-toast': [ '2.6.0' ],
25 silly audit   'react-redux': [ '9.2.0' ],
25 silly audit   'react-refresh': [ '0.18.0' ],
25 silly audit   'react-router': [ '7.10.1' ],
25 silly audit   'react-router-dom': [ '7.10.1' ],
25 silly audit   redux: [ '5.0.1' ],
25 silly audit   'redux-thunk': [ '3.1.0' ],
25 silly audit   reselect: [ '5.1.1' ],
25 silly audit   rollup: [ '4.53.3' ],
25 silly audit   scheduler: [ '0.27.0' ],
25 silly audit   semver: [ '6.3.1' ],
25 silly audit   'set-cookie-parser': [ '2.7.2' ],
25 silly audit   'size-sensor': [ '1.0.2' ],
25 silly audit   'source-map-js': [ '1.2.1' ],
25 silly audit   tinyglobby: [ '0.2.15' ],
25 silly audit   'update-browserslist-db': [ '1.2.2' ],
25 silly audit   'use-sync-external-store': [ '1.6.0' ],
25 silly audit   vite: [ '7.2.7' ],
25 silly audit   yallist: [ '3.1.1' ],
25 silly audit   zod: [ '4.1.13' ],
25 silly audit   zrender: [ '6.0.0' ],
25 silly audit   'lucide-react': [ '0.560.0' ]
25 silly audit }
26 http cache lucide-react@https://registry.npmjs.org/lucide-react/-/lucide-react-0.560.0.tgz 0ms (cache hit)
27 http cache fsevents@https://registry.npmjs.org/fsevents/-/fsevents-2.3.3.tgz 0ms (cache hit)
28 silly tarball no local data for lucide-react@https://registry.npmjs.org/lucide-react/-/lucide-react-0.560.0.tgz. Extracting by manifest.
29 http fetch POST 200 https://registry.npmjs.org/-/npm/v1/security/advisories/bulk 360ms
30 silly audit report {}
31 http fetch GET 200 https://registry.npmjs.org/lucide-react/-/lucide-react-0.560.0.tgz 9058ms (cache miss)
32 silly ADD node_modules/lucide-react
33 silly ADD node_modules/fsevents
34 verbose cwd /Users/asadullah/Desktop/stackoceansai
35 verbose os Darwin 22.6.0
36 verbose node v24.11.1
37 verbose npm  v11.6.2
38 verbose exit 0
39 info ok
