0 verbose cli /usr/local/bin/node /usr/local/bin/npm
1 info using npm@11.6.2
2 info using node@v24.11.1
3 silly config load:file:/usr/local/lib/node_modules/npm/npmrc
4 silly config load:file:/Users/asadullah/Desktop/stackoceansai/.npmrc
5 silly config load:file:/Users/asadullah/.npmrc
6 silly config load:file:/usr/local/etc/npmrc
7 verbose title npm init
8 verbose argv "init" "--yes"
9 verbose logfile logs-max:10 dir:/Users/asadullah/Desktop/stackoceansai/.npm-cache/_logs/2025-12-11T13_37_39_540Z-
10 verbose logfile /Users/asadullah/Desktop/stackoceansai/.npm-cache/_logs/2025-12-11T13_37_39_540Z-debug-0.log
11 silly logfile done cleaning log files
12 silly package data {
12 silly package data   name: 'stackoceansai',
12 silly package data   version: '1.0.0',
12 silly package data   description: '',
12 silly package data   main: 'index.js',
12 silly package data   scripts: { test: 'echo "Error: no test specified" && exit 1' },
12 silly package data   keywords: [],
12 silly package data   author: '',
12 silly package data   license: 'ISC',
12 silly package data   type: 'commonjs'
12 silly package data }
13 verbose cwd /Users/asadullah/Desktop/stackoceansai
14 verbose os Darwin 22.6.0
15 verbose node v24.11.1
16 verbose npm  v11.6.2
17 verbose exit 0
18 info ok
