0 verbose cli /usr/local/bin/node /usr/local/bin/npm
1 info using npm@11.6.2
2 info using node@v24.11.1
3 silly config load:file:/usr/local/lib/node_modules/npm/npmrc
4 silly config load:file:/Users/asadullah/Desktop/stackoceansai/.npmrc
5 silly config load:file:/Users/asadullah/.npmrc
6 silly config load:file:/usr/local/etc/npmrc
7 verbose title npm create vite@latest . --template react
8 verbose argv "create" "vite@latest" "." "--" "--template" "react"
9 verbose logfile logs-max:10 dir:/Users/asadullah/Desktop/stackoceansai/.npm-cache/_logs/2025-12-11T13_37_19_987Z-
10 verbose logfile /Users/asadullah/Desktop/stackoceansai/.npm-cache/_logs/2025-12-11T13_37_19_987Z-debug-0.log
11 silly logfile done cleaning log files
12 silly packumentCache heap:4496293888 maxSize:1124073472 maxEntrySize:562036736
13 http fetch GET 200 https://registry.npmjs.org/create-vite 619ms (cache revalidated)
14 silly packumentCache heap:4496293888 maxSize:1124073472 maxEntrySize:562036736
15 verbose cwd /Users/asadullah/Desktop/stackoceansai
16 verbose os Darwin 22.6.0
17 verbose node v24.11.1
18 verbose npm  v11.6.2
19 verbose exit 0
20 info ok
